#
# There is insufficient memory for the Java Runtime Environment to continue.
# Native memory allocation (malloc) failed to allocate 657136 bytes for Chunk::new
# Possible reasons:
#   The system is out of physical RAM or swap space
#   In 32 bit mode, the process size limit was hit
# Possible solutions:
#   Reduce memory load on the system
#   Increase physical memory or swap space
#   Check if swap backing store is full
#   Use 64 bit Java on a 64 bit OS
#   Decrease Java heap size (-Xmx/-Xms)
#   Decrease number of Java threads
#   Decrease Java thread stack sizes (-Xss)
#   Set larger code cache with -XX:ReservedCodeCacheSize=
# This output file may be truncated or incomplete.
#
#  Out of Memory Error (allocation.cpp:325), pid=5932, tid=3312
#
# JRE version: 7.0_03-b05
# Java VM: Java HotSpot(TM) 64-Bit Server VM (22.1-b02 mixed mode windows-amd64 compressed oops)
# Failed to write core dump. Minidumps are not enabled by default on client versions of Windows
#

---------------  T H R E A D  ---------------

Current thread (0x00000000066b2800):  JavaThread "C2 CompilerThread1" daemon [_thread_in_native, id=3312, stack(0x0000000007410000,0x0000000007510000)]

Stack: [0x0000000007410000,0x0000000007510000]
[error occurred during error reporting (printing stack bounds), id 0xc0000005]


[error occurred during error reporting (printing native stack), id 0xc0000005]


Current CompileTask:
C2:  27689  422   !         org.apache.xerces.impl.xs.traversers.XSAttributeChecker::checkAttributes (933 bytes)


---------------  P R O C E S S  ---------------

Java Threads: ( => current thread )
  0x00000000076e1000 JavaThread "[cisco-spark-basecamp-integration].Mule.01" [_thread_blocked, id=484, stack(0x000000000ab20000,0x000000000ac20000)]
  0x00000000076e0000 JavaThread "pool-3-thread-2" [_thread_blocked, id=5884, stack(0x000000000b0c0000,0x000000000b1c0000)]
  0x00000000076df800 JavaThread "pool-3-thread-1" [_thread_blocked, id=6180, stack(0x000000000afb0000,0x000000000b0b0000)]
  0x00000000076de800 JavaThread "I/O dispatcher 4" [_thread_in_native, id=6372, stack(0x000000000ac80000,0x000000000ad80000)]
  0x00000000076de000 JavaThread "I/O dispatcher 3" [_thread_in_native, id=4876, stack(0x000000000a9f0000,0x000000000aaf0000)]
  0x00000000082a1000 JavaThread "I/O dispatcher 2" [_thread_in_native, id=5316, stack(0x000000000a730000,0x000000000a830000)]
  0x0000000008e6b800 JavaThread "I/O dispatcher 1" [_thread_in_native, id=4880, stack(0x000000000a8f0000,0x000000000a9f0000)]
  0x00000000084cc800 JavaThread "pool-7-thread-1" [_thread_in_native, id=7748, stack(0x000000000a490000,0x000000000a590000)]
  0x000000000853a000 JavaThread "Log4j2-AsyncLoggerConfig-3" daemon [_thread_blocked, id=5660, stack(0x000000000a600000,0x000000000a700000)]
  0x0000000008808800 JavaThread "Log4j2-AsyncLoggerConfig-2" daemon [_thread_blocked, id=7124, stack(0x000000000a280000,0x000000000a380000)]
  0x00000000086f7800 JavaThread "pool-4-thread-2" [_thread_blocked, id=2780, stack(0x000000000a390000,0x000000000a490000)]
  0x0000000008714800 JavaThread "pool-4-thread-1" [_thread_blocked, id=7440, stack(0x0000000009e80000,0x0000000009f80000)]
  0x000000000868a800 JavaThread "Thread-2" [_thread_blocked, id=2056, stack(0x000000000a120000,0x000000000a220000)]
  0x0000000008271800 JavaThread "MapDB writer #2" daemon [_thread_blocked, id=6292, stack(0x000000000a000000,0x000000000a100000)]
  0x000000000751f800 JavaThread "MapDB writer #1" daemon [_thread_blocked, id=4720, stack(0x0000000009d40000,0x0000000009e40000)]
  0x0000000008267800 JavaThread "Log4j2-AsyncLoggerConfig-1" daemon [_thread_blocked, id=6732, stack(0x0000000009bd0000,0x0000000009cd0000)]
  0x00000000066ba800 JavaThread "Service Thread" daemon [_thread_blocked, id=6084, stack(0x0000000007310000,0x0000000007410000)]
=>0x00000000066b2800 JavaThread "C2 CompilerThread1" daemon [_thread_in_native, id=3312, stack(0x0000000007410000,0x0000000007510000)]
  0x00000000066a9000 JavaThread "C2 CompilerThread0" daemon [_thread_in_native, id=7612, stack(0x0000000006ac0000,0x0000000006bc0000)]
  0x00000000066a7000 JavaThread "Attach Listener" daemon [_thread_blocked, id=6944, stack(0x00000000070a0000,0x00000000071a0000)]
  0x00000000066a2000 JavaThread "Signal Dispatcher" daemon [_thread_blocked, id=2472, stack(0x00000000071c0000,0x00000000072c0000)]
  0x000000000661a000 JavaThread "Finalizer" daemon [_thread_blocked, id=2924, stack(0x0000000006f80000,0x0000000007080000)]
  0x0000000006613000 JavaThread "Reference Handler" daemon [_thread_blocked, id=4500, stack(0x0000000006e30000,0x0000000006f30000)]
  0x0000000002156000 JavaThread "main" [_thread_in_vm, id=420, stack(0x0000000002600000,0x0000000002700000)]

Other Threads:
  0x000000000660f000 VMThread [stack: 0x0000000006c30000,0x0000000006d30000] [id=3004]
  0x000000000677c800 WatcherThread [stack: 0x0000000007a40000,0x0000000007b40000] [id=9212]

VM state:not at safepoint (normal execution)

VM Mutex/Monitor currently owned by a thread: None

Heap
 PSYoungGen      total 70976K, used 20293K [0x00000007d5560000, 0x00000007da000000, 0x0000000800000000)
  eden space 65536K, 22% used [0x00000007d5560000,0x00000007d63e6ac0,0x00000007d9560000)
  from space 5440K, 99% used [0x00000007d9ab0000,0x00000007d9ffab30,0x00000007da000000)
  to   space 5440K, 0% used [0x00000007d9560000,0x00000007d9560000,0x00000007d9ab0000)
 PSOldGen        total 87424K, used 50837K [0x0000000780000000, 0x0000000785560000, 0x00000007d5560000)
  object space 87424K, 58% used [0x0000000780000000,0x00000007831a56b8,0x0000000785560000)
 PSPermGen       total 131072K, used 34985K [0x0000000770000000, 0x0000000778000000, 0x0000000780000000)
  object space 131072K, 26% used [0x0000000770000000,0x000000077222a5b0,0x0000000778000000)

Code Cache  [0x0000000002700000, 0x0000000002970000, 0x0000000005700000)
 total_blobs=858 nmethods=423 adapters=387 free_code_cache=47666Kb largest_free_block=48769984

Dynamic libraries:
0x000000013f290000 - 0x000000013f2c3000 	C:\Program Files\Java\jdk1.7.0_03\bin\javaw.exe
0x0000000077910000 - 0x0000000077abb000 	C:\Windows\SYSTEM32\ntdll.dll
0x0000000077210000 - 0x000000007732f000 	C:\Windows\system32\kernel32.dll
0x000007fefdf70000 - 0x000007fefdfdb000 	C:\Windows\system32\KERNELBASE.dll
0x000007fefe4f0000 - 0x000007fefe5cb000 	C:\Windows\system32\ADVAPI32.dll
0x000007fefe260000 - 0x000007fefe2ff000 	C:\Windows\system32\msvcrt.dll
0x000007fefedc0000 - 0x000007fefeddf000 	C:\Windows\SYSTEM32\sechost.dll
0x000007fefeae0000 - 0x000007fefec0e000 	C:\Windows\system32\RPCRT4.dll
0x00000000775f0000 - 0x00000000776ea000 	C:\Windows\system32\USER32.dll
0x000007fefe480000 - 0x000007fefe4e7000 	C:\Windows\system32\GDI32.dll
0x000007fefe220000 - 0x000007fefe22e000 	C:\Windows\system32\LPK.dll
0x000007fefe150000 - 0x000007fefe21a000 	C:\Windows\system32\USP10.dll
0x000007fefc6d0000 - 0x000007fefc8c4000 	C:\Windows\WinSxS\amd64_microsoft.windows.common-controls_6595b64144ccf1df_6.0.7600.16385_none_fa645303170382f6\COMCTL32.dll
0x000007fefe300000 - 0x000007fefe371000 	C:\Windows\system32\SHLWAPI.dll
0x000007fefe230000 - 0x000007fefe25e000 	C:\Windows\system32\IMM32.DLL
0x000007fefec10000 - 0x000007fefed19000 	C:\Windows\system32\MSCTF.dll
0x000000006d650000 - 0x000000006d721000 	C:\Program Files\Java\jdk1.7.0_03\jre\bin\msvcr100.dll
0x000000006c410000 - 0x000000006caea000 	C:\Program Files\Java\jdk1.7.0_03\jre\bin\server\jvm.dll
0x000007fef68d0000 - 0x000007fef68d9000 	C:\Windows\system32\WSOCK32.dll
0x000007fefe880000 - 0x000007fefe8cd000 	C:\Windows\system32\WS2_32.dll
0x000007feffb70000 - 0x000007feffb78000 	C:\Windows\system32\NSI.dll
0x000007fefbe40000 - 0x000007fefbe7b000 	C:\Windows\system32\WINMM.dll
0x0000000077ae0000 - 0x0000000077ae7000 	C:\Windows\system32\PSAPI.DLL
0x0000000072f40000 - 0x0000000072f4f000 	C:\Program Files\Java\jdk1.7.0_03\jre\bin\verify.dll
0x00000000704b0000 - 0x00000000704d8000 	C:\Program Files\Java\jdk1.7.0_03\jre\bin\java.dll
0x0000000072e00000 - 0x0000000072e15000 	C:\Program Files\Java\jdk1.7.0_03\jre\bin\zip.dll
0x0000000072f30000 - 0x0000000072f3b000 	C:\Program Files\Java\jdk1.7.0_03\jre\bin\management.dll
0x000000006d610000 - 0x000000006d629000 	C:\Program Files\Java\jdk1.7.0_03\jre\bin\net.dll
0x000007fefd5b0000 - 0x000007fefd604000 	C:\Windows\system32\mswsock.dll
0x000007fefd5a0000 - 0x000007fefd5a7000 	C:\Windows\System32\wship6.dll
0x000000006d630000 - 0x000000006d641000 	C:\Program Files\Java\jdk1.7.0_03\jre\bin\nio.dll
0x000007fefd610000 - 0x000007fefd627000 	C:\Windows\system32\CRYPTSP.dll
0x000007fefd310000 - 0x000007fefd357000 	C:\Windows\system32\rsaenh.dll
0x000007fefd0d0000 - 0x000007fefd0ee000 	C:\Windows\system32\USERENV.dll
0x000007fefdd80000 - 0x000007fefdd8f000 	C:\Windows\system32\profapi.dll
0x000007fefdc70000 - 0x000007fefdc7f000 	C:\Windows\system32\CRYPTBASE.dll
0x000007fefbf80000 - 0x000007fefbf95000 	C:\Windows\system32\NLAapi.dll
0x000007fefd430000 - 0x000007fefd48b000 	C:\Windows\system32\DNSAPI.dll
0x000007fef6470000 - 0x000007fef647b000 	C:\Windows\System32\winrnr.dll
0x000007fef6450000 - 0x000007fef6465000 	C:\Windows\system32\napinsp.dll
0x000007fef6430000 - 0x000007fef6449000 	C:\Windows\system32\pnrpnsp.dll
0x000007fefd010000 - 0x000007fefd037000 	C:\Windows\system32\IPHLPAPI.DLL
0x000007fefd000000 - 0x000007fefd00b000 	C:\Windows\system32\WINNSI.DLL
0x000007fefb120000 - 0x000007fefb173000 	C:\Windows\System32\fwpuclnt.dll
0x000007fefaa10000 - 0x000007fefaa18000 	C:\Windows\system32\rasadhlp.dll
0x000007feef750000 - 0x000007feef75a000 	C:\Users\bandaru\AppData\Local\Temp\jansi-64-1036115185552171102.dll
0x000007fefb180000 - 0x000007fefb191000 	C:\Windows\system32\dhcpcsvc6.DLL
0x000007fefcf00000 - 0x000007fefcf18000 	C:\Windows\system32\dhcpcsvc.DLL
0x000000006d470000 - 0x000000006d494000 	C:\Program Files\Java\jdk1.7.0_03\jre\bin\sunec.dll
0x000007fefcf20000 - 0x000007fefcf27000 	C:\Windows\System32\wshtcpip.dll
0x00000000704f0000 - 0x00000000704fb000 	C:\Program Files\Java\jdk1.7.0_03\jre\bin\sunmscapi.dll
0x000007fefdfe0000 - 0x000007fefe146000 	C:\Windows\system32\CRYPT32.dll
0x000007fefde20000 - 0x000007fefde2f000 	C:\Windows\system32\MSASN1.dll

VM Arguments:
jvm_args: -XX:PermSize=128M -XX:MaxPermSize=256M -Dmule.home=C:\Users\bandaru\AnypointStudio\workspace\ciscoproject\.mule -Djava.endorsed.dirs=C:\Anypointstudio6\AnypointStudio\AnypointStudio\plugins\org.mule.tooling.server.3.8.0.ee_6.1.0.201608231735\mule\lib\endorsed -Djava.net.preferIPv4Stack=TRUE -Dmvel2.disable.jit=TRUE -Dosgi.dev=true -Dmule.verbose.exceptions=true -Dmule.plugins.dir=C:\Anypointstudio6\AnypointStudio\AnypointStudio\plugins\org.mule.tooling.server.3.8.0.ee_6.1.0.201608231735\mule\plugins -Dmule.agent.enabled=false -Dmule.forceConsoleLog -Dlog4j.debug=true -Danypoint.platform.gatekeeper=false -Dosgi.instance.area=file:\C:\Users\bandaru\AnypointStudio\workspace\ciscoproject -Dmule.env=dev -Danypoint.platform.client_id=bdd7b4ae33084e8684aa3862e123b7a6 -Danypoint.platform.client_secret=417cad8af93041bd9E2D92401C24DF3E -Danypoint.platform.platform_base_uri=https://anypoint.mulesoft.com/apiplatform -Danypoint.platform.coreservice_base_uri=https://anypoint.mulesoft.com/accounts -Danypoint.platform.analytics_base_uri=https://analytics-ingest.anypoint.mulesoft.com -Danypoint.platform.contracts_base_uri=https://anypoint.mulesoft.com/apigateway/ccs -Dfile.encoding=Cp1252 
java_command: org.mule.tooling.server.application.ApplicationDeployer
Launcher Type: SUN_STANDARD

Environment Variables:
JAVA_HOME=C:\Program Files\Java\jdk1.7.0_03
CLASSPATH=.;C:\PROGRA~1\IBM\SQLLIB\java\db2java.zip;C:\PROGRA~1\IBM\SQLLIB\java\db2jcc.jar;C:\PROGRA~1\IBM\SQLLIB\java\sqlj.zip;C:\PROGRA~1\IBM\SQLLIB\java\db2jcc_license_cu.jar;C:\PROGRA~1\IBM\SQLLIB\bin;C:\PROGRA~1\IBM\SQLLIB\java\common.jar;C:\Program Files (x86)\IBM\WebSphere MQ\java\lib\com.ibm.mqjms.jar;C:\Program Files (x86)\IBM\WebSphere MQ\java\lib\com.ibm.mq.jar
PATH=C:\Program Files (x86)\IBM\WebSphere MQ\java\lib;C:\Program Files (x86)\IBM\WebSphere MQ\java\lib64;C:\Windows\system32;C:\Windows;C:\Windows\system32\wbem;C:\Windows\system32\windowspowershell\v1.0\;c:\program files\ibm\gsk8\lib64;c:\program files (x86)\ibm\gsk8\lib;C:\PROGRA~1\IBM\SQLLIB\BIN;C:\PROGRA~1\IBM\SQLLIB\FUNCTION;C:\PROGRA~1\IBM\SQLLIB\SAMPLES\REPL;C:\Program Files\TortoiseSVN\bin;C:\Program Files (x86)\Skype\Phone\;C:\Program Files (x86)\IBM\WebSphere MQ\bin64;C:\Program Files (x86)\IBM\WebSphere MQ\bin;C:\Program Files (x86)\IBM\WebSphere MQ\tools\c\samples\bin;C:\Program Files\apache-maven-3.3.9\bin;C:\Program Files\Java\jdk1.7.0_03\bin;C:\Program Files\Git\cmd;C:\Users\bandaru\Documents\apache-maven-3.3.9\bin;C:\Python27
USERNAME=bandaru
OS=Windows_NT
PROCESSOR_IDENTIFIER=Intel64 Family 6 Model 94 Stepping 3, GenuineIntel



---------------  S Y S T E M  ---------------

OS: Windows 7 , 64 bit Build 7600 

CPU:total 4 (4 cores per cpu, 1 threads per core) family 6 model 94 stepping 3, cmov, cx8, fxsr, mmx, sse, sse2, sse3, ssse3, sse4.1, sse4.2, popcnt

Memory: 4k page, physical 8388152k(865196k free), swap 9749564k(191988k free)

vm_info: Java HotSpot(TM) 64-Bit Server VM (22.1-b02) for windows-amd64 JRE (1.7.0_03-b05), built on Feb  3 2012 20:43:56 by "java_re" with unknown MS VC++:1600

time: Mon Feb 20 20:27:11 2017
elapsed time: 27 seconds

