#
# There is insufficient memory for the Java Runtime Environment to continue.
# Native memory allocation (malloc) failed to allocate 298336 bytes for Chunk::new
# Possible reasons:
#   The system is out of physical RAM or swap space
#   In 32 bit mode, the process size limit was hit
# Possible solutions:
#   Reduce memory load on the system
#   Increase physical memory or swap space
#   Check if swap backing store is full
#   Use 64 bit Java on a 64 bit OS
#   Decrease Java heap size (-Xmx/-Xms)
#   Decrease number of Java threads
#   Decrease Java thread stack sizes (-Xss)
#   Set larger code cache with -XX:ReservedCodeCacheSize=
# This output file may be truncated or incomplete.
#
#  Out of Memory Error (allocation.cpp:323), pid=12320, tid=18040
#
# JRE version: Java(TM) SE Runtime Environment (7.0_79-b15) (build 1.7.0_79-b15)
# Java VM: Java HotSpot(TM) 64-Bit Server VM (24.79-b02 mixed mode windows-amd64 compressed oops)
# Failed to write core dump. Minidumps are not enabled by default on client versions of Windows
#

---------------  T H R E A D  ---------------

Current thread (0x0000000005d33800):  JavaThread "C2 CompilerThread0" daemon [_thread_in_native, id=18040, stack(0x0000000006560000,0x0000000006660000)]

Stack: [0x0000000006560000,0x0000000006660000]
[error occurred during error reporting (printing stack bounds), id 0xc0000005]


[error occurred during error reporting (printing native stack), id 0xc0000005]


Current CompileTask:
C2:1613979 1827             java.net.URI$Parser::parseHostname (202 bytes)


---------------  P R O C E S S  ---------------

Java Threads: ( => current thread )
  0x000000000a939000 JavaThread "[cisco-spark-integration-management-bot-meddaging].api-httpListenerConfig.worker.04" daemon [_thread_blocked, id=8408, stack(0x000000001a010000,0x000000001a110000)]
  0x000000000a92d000 JavaThread "[cisco-spark-integration-management-bot-meddaging].VM.dispatcher.12" [_thread_blocked, id=15832, stack(0x000000001b640000,0x000000001b740000)]
  0x000000000a457000 JavaThread "VM.scheduler.04" [_thread_blocked, id=16596, stack(0x000000001a850000,0x000000001a950000)]
  0x000000000a456800 JavaThread "VM.scheduler.03" [_thread_blocked, id=8044, stack(0x000000001a510000,0x000000001a610000)]
  0x000000000a455800 JavaThread "DestroyJavaVM" [_thread_blocked, id=17756, stack(0x00000000023c0000,0x00000000024c0000)]
  0x000000000a455000 JavaThread "Mule.app.deployer.monitor.1.thread.1" [_thread_blocked, id=6560, stack(0x000000001a3f0000,0x000000001a4f0000)]
  0x000000000a454000 JavaThread "VM.scheduler.02" [_thread_blocked, id=12720, stack(0x0000000019790000,0x0000000019890000)]
  0x000000000a453800 JavaThread "[cisco-spark-integration-management-bot-meddaging].VM.receiver.01" [_thread_blocked, id=7220, stack(0x000000001a190000,0x000000001a290000)]
  0x000000000a451000 JavaThread "pool-130-thread-1" [_thread_blocked, id=14672, stack(0x0000000019eb0000,0x0000000019fb0000)]
  0x000000000a450800 JavaThread "pool-129-thread-1" [_thread_blocked, id=14464, stack(0x0000000019d70000,0x0000000019e70000)]
  0x000000000ab9b000 JavaThread "[cisco-spark-integration-management-bot-meddaging].processing.time.monitor" daemon [_thread_blocked, id=13648, stack(0x00000000199b0000,0x0000000019ab0000)]
  0x000000000ab9a000 JavaThread "VM.scheduler.01" [_thread_blocked, id=14092, stack(0x00000000198a0000,0x00000000199a0000)]
  0x000000000ab99800 JavaThread "[cisco-spark-integration-management-bot-meddaging].refresh-client-tokensFlow.stage1.01" [_thread_blocked, id=13056, stack(0x0000000019690000,0x0000000019790000)]
  0x000000000ab98800 JavaThread "[cisco-spark-integration-management-bot-meddaging].refreshClientTokensFlow.stage1.01" [_thread_blocked, id=13020, stack(0x00000000194a0000,0x00000000195a0000)]
  0x000000000ab98000 JavaThread "[cisco-spark-integration-management-bot-meddaging].putIntegrationInstanceFlow.stage1.01" [_thread_blocked, id=12936, stack(0x0000000018a10000,0x0000000018b10000)]
  0x000000000ab97000 JavaThread "[cisco-spark-integration-management-bot-meddaging].updateIntegrationInstanceFlow.stage1.01" [_thread_blocked, id=15468, stack(0x0000000018800000,0x0000000018900000)]
  0x000000000ab96800 JavaThread "[cisco-spark-integration-management-bot-meddaging].putDynamicIntegrationFlow.stage1.01" [_thread_blocked, id=19148, stack(0x0000000019390000,0x0000000019490000)]
  0x000000000ab95800 JavaThread "[cisco-spark-integration-management-bot-meddaging].updateIntegrationInstanceFlowReplaced.stage1.01" [_thread_blocked, id=4652, stack(0x0000000019260000,0x0000000019360000)]
  0x000000000ab95000 JavaThread "[cisco-spark-integration-management-bot-meddaging].invokeDynamicMessageFormatFlow.stage1.01" [_thread_blocked, id=15224, stack(0x00000000190a0000,0x00000000191a0000)]
  0x000000000ab94000 JavaThread "[cisco-spark-integration-management-bot-meddaging].everNoteWebhookFlow.stage1.01" [_thread_blocked, id=8980, stack(0x0000000018f10000,0x0000000019010000)]
  0x000000000ab93800 JavaThread "[cisco-spark-integration-management-bot-meddaging].getIntegrationsInstancesByUuidFlow.stage1.01" [_thread_blocked, id=13092, stack(0x0000000018da0000,0x0000000018ea0000)]
  0x000000000ab92800 JavaThread "[cisco-spark-integration-management-bot-meddaging].getMessageformatFlow.stage1.01" [_thread_blocked, id=13416, stack(0x0000000018c50000,0x0000000018d50000)]
  0x000000000ab91800 JavaThread "[cisco-spark-integration-management-bot-meddaging].invokeDynamicUiSettingsFlow.stage1.01" [_thread_blocked, id=16396, stack(0x0000000018b50000,0x0000000018c50000)]
  0x000000000ab91000 JavaThread "[cisco-spark-integration-management-bot-meddaging].postUiSettingsImplementationFlow.stage1.01" [_thread_blocked, id=13372, stack(0x0000000018910000,0x0000000018a10000)]
  0x000000000ab90000 JavaThread "[cisco-spark-integration-management-bot-meddaging].postSparkTokenFlow.stage1.01" [_thread_blocked, id=10672, stack(0x00000000186f0000,0x00000000187f0000)]
  0x000000000ab8f800 JavaThread "[cisco-spark-integration-management-bot-meddaging].deleteIntegrationTokenByUserIdAndIntegrationId.stage1.01" [_thread_blocked, id=8320, stack(0x0000000017d60000,0x0000000017e60000)]
  0x000000000ab8e800 JavaThread "[cisco-spark-integration-management-bot-meddaging].postIntegrationAppTokensFlow.stage1.01" [_thread_blocked, id=8756, stack(0x0000000018560000,0x0000000018660000)]
  0x000000000ab8e000 JavaThread "[cisco-spark-integration-management-bot-meddaging].createIntegrationInstanceFlow.stage1.01" [_thread_blocked, id=8848, stack(0x0000000018370000,0x0000000018470000)]
  0x000000000ab8d000 JavaThread "[cisco-spark-integration-management-bot-meddaging].invokeDynamicIntegrationFlow.stage1.01" [_thread_blocked, id=13168, stack(0x0000000017630000,0x0000000017730000)]
  0x000000000ac88000 JavaThread "[cisco-spark-integration-management-bot-meddaging].postIntegrationInstanceFlow.stage1.01" [_thread_blocked, id=16592, stack(0x0000000018240000,0x0000000018340000)]
  0x000000000ac87800 JavaThread "[cisco-spark-integration-management-bot-meddaging].postDynamicIntegrationMessageFormatFlow.stage1.01" [_thread_blocked, id=596, stack(0x0000000018080000,0x0000000018180000)]
  0x000000000ac86800 JavaThread "[cisco-spark-integration-management-bot-meddaging].postHookFlow.stage1.01" [_thread_blocked, id=16876, stack(0x0000000017e60000,0x0000000017f60000)]
  0x000000000ac86000 JavaThread "[cisco-spark-integration-management-bot-meddaging].postDynamicIntegrationAuthDetailsFlow.stage1.01" [_thread_blocked, id=13516, stack(0x0000000017c30000,0x0000000017d30000)]
  0x000000000ac85000 JavaThread "[cisco-spark-integration-management-bot-meddaging].postIntegrationAuthDetailsFlow.stage1.01" [_thread_blocked, id=16640, stack(0x00000000178c0000,0x00000000179c0000)]
  0x000000000ac84800 JavaThread "[cisco-spark-integration-management-bot-meddaging].pollHealthCheckFlow.stage1.01" [_thread_blocked, id=16248, stack(0x0000000017b00000,0x0000000017c00000)]
  0x000000000ac83800 JavaThread "[cisco-spark-integration-management-bot-meddaging].getDynamicIntegrationHealthCheckFlow.stage1.01" [_thread_blocked, id=14208, stack(0x00000000179d0000,0x0000000017ad0000)]
  0x000000000ac83000 JavaThread "[cisco-spark-integration-management-bot-meddaging].getIntegrationHealthCheckFlow.stage1.01" [_thread_blocked, id=17412, stack(0x0000000017760000,0x0000000017860000)]
  0x000000000ac82000 JavaThread "[cisco-spark-integration-management-bot-meddaging].getDynamicIntegrationSettingsFlow.stage1.01" [_thread_blocked, id=12888, stack(0x0000000017530000,0x0000000017630000)]
  0x000000000ac81800 JavaThread "[cisco-spark-integration-management-bot-meddaging].getIntegrationUiSettingsFlow.stage1.01" [_thread_blocked, id=8816, stack(0x00000000172d0000,0x00000000173d0000)]
  0x000000000ac80800 JavaThread "[cisco-spark-integration-management-bot-meddaging].getIntegrationUiSettingsFlowScatterGather.stage1.01" [_thread_blocked, id=18520, stack(0x00000000173d0000,0x00000000174d0000)]
  0x000000000ac80000 JavaThread "[cisco-spark-integration-management-bot-meddaging].getSparkRoomsScatterGather.stage1.01" [_thread_blocked, id=13636, stack(0x0000000017170000,0x0000000017270000)]
  0x000000000ac7f000 JavaThread "[cisco-spark-integration-management-bot-meddaging].getSparkRooms.stage1.01" [_thread_blocked, id=15688, stack(0x0000000016f90000,0x0000000017090000)]
  0x000000000ac7e800 JavaThread "[cisco-spark-integration-management-bot-meddaging].getSparkTokenFlow.stage1.01" [_thread_blocked, id=9148, stack(0x0000000016e00000,0x0000000016f00000)]
  0x000000000ac7d800 JavaThread "[cisco-spark-integration-management-bot-meddaging].getIntegrationInstancesListFlow.stage1.01" [_thread_blocked, id=17012, stack(0x0000000016c20000,0x0000000016d20000)]
  0x000000000ac7d000 JavaThread "[cisco-spark-integration-management-bot-meddaging].dynamicPageInvocationFlow.stage1.01" [_thread_blocked, id=15580, stack(0x0000000016a70000,0x0000000016b70000)]
  0x000000000ac7c000 JavaThread "[cisco-spark-integration-management-bot-meddaging].get-static-contentFlow.stage1.01" [_thread_blocked, id=16240, stack(0x00000000164f0000,0x00000000165f0000)]
  0x000000000ac7b800 JavaThread "[cisco-spark-integration-management-bot-meddaging].getIntegrationHtmlContentFlow.stage1.01" [_thread_blocked, id=12872, stack(0x00000000168d0000,0x00000000169d0000)]
  0x000000000ac7a800 JavaThread "[cisco-spark-integration-management-bot-meddaging].getClientAppSettingsPerIntegrationIdOperationFlow.stage1.01" [_thread_blocked, id=13736, stack(0x0000000016730000,0x0000000016830000)]
  0x000000000ac7a000 JavaThread "[cisco-spark-integration-management-bot-meddaging].getClientAppSettingsOperationFlow.stage1.01" [_thread_blocked, id=16100, stack(0x0000000016620000,0x0000000016720000)]
  0x000000000ac79000 JavaThread "[cisco-spark-integration-management-bot-meddaging].getApplicationDetailsFlow.stage1.01" [_thread_blocked, id=15668, stack(0x0000000016380000,0x0000000016480000)]
  0x000000000aa53800 JavaThread "[cisco-spark-integration-management-bot-meddaging].deleteIntegrationAppTokensFlow.stage1.01" [_thread_blocked, id=15676, stack(0x0000000015ed0000,0x0000000015fd0000)]
  0x000000000aa52800 JavaThread "[cisco-spark-integration-management-bot-meddaging].tearDownDynamicIntegrationFlow.stage1.01" [_thread_blocked, id=6260, stack(0x0000000016100000,0x0000000016200000)]
  0x000000000aa52000 JavaThread "[cisco-spark-integration-management-bot-meddaging].deleteIntegrationInstanceCall.stage1.01" [_thread_blocked, id=16096, stack(0x0000000016280000,0x0000000016380000)]
  0x000000000aa51000 JavaThread "[cisco-spark-integration-management-bot-meddaging].deleteIntegrationInstanceFlow.stage1.01" [_thread_blocked, id=16360, stack(0x0000000015fd0000,0x00000000160d0000)]
  0x000000000aa50800 JavaThread "[cisco-spark-integration-management-bot-meddaging].deleteAllIntegrationInstanceFlow.stage1.01" [_thread_blocked, id=9800, stack(0x00000000149f0000,0x0000000014af0000)]
  0x000000000aa4f800 JavaThread "[cisco-spark-integration-management-bot-meddaging].postBotSparkMessageFlow.stage1.01" [_thread_blocked, id=16504, stack(0x0000000015db0000,0x0000000015eb0000)]
  0x000000000aa4e800 JavaThread "[cisco-spark-integration-management-bot-meddaging].postSparkMessageFlow.stage1.01" [_thread_blocked, id=15804, stack(0x0000000014660000,0x0000000014760000)]
  0x000000000aa4e000 JavaThread "[cisco-spark-integration-management-bot-meddaging].getSparkRoomsFlow.stage1.01" [_thread_blocked, id=16008, stack(0x0000000015c90000,0x0000000015d90000)]
  0x000000000aa4d000 JavaThread "[cisco-spark-integration-management-bot-meddaging].getSparkProfileFlow.stage1.01" [_thread_blocked, id=15544, stack(0x0000000015ae0000,0x0000000015be0000)]
  0x000000000aa4c800 JavaThread "[cisco-spark-integration-management-bot-meddaging].deleteIntegrationTokenByIntegrationIdAndUserIdFlow.stage1.01" [_thread_blocked, id=14880, stack(0x0000000015960000,0x0000000015a60000)]
  0x000000000aa4b800 JavaThread "[cisco-spark-integration-management-bot-meddaging].deleteIntegrationTokenFlow.stage1.01" [_thread_blocked, id=17652, stack(0x0000000015770000,0x0000000015870000)]
  0x000000000aa4b000 JavaThread "[cisco-spark-integration-management-bot-meddaging].putIntegrationTokenFlow.stage1.01" [_thread_blocked, id=16264, stack(0x0000000015590000,0x0000000015690000)]
  0x000000000aa4a000 JavaThread "[cisco-spark-integration-management-bot-meddaging].postIntegrationTokenFlow.stage1.01" [_thread_blocked, id=12892, stack(0x0000000015480000,0x0000000015580000)]
  0x000000000aa49800 JavaThread "[cisco-spark-integration-management-bot-meddaging].getIntegrationTokenFlow.stage1.01" [_thread_blocked, id=16680, stack(0x00000000152c0000,0x00000000153c0000)]
  0x000000000aa48800 JavaThread "[cisco-spark-integration-management-bot-meddaging].getIntegrationTokenCall.stage1.01" [_thread_blocked, id=14200, stack(0x00000000150c0000,0x00000000151c0000)]
  0x000000000aa48000 JavaThread "[cisco-spark-integration-management-bot-meddaging].getApplicationFlow.stage1.01" [_thread_blocked, id=16724, stack(0x0000000014ef0000,0x0000000014ff0000)]
  0x000000000aa47000 JavaThread "[cisco-spark-integration-management-bot-meddaging].getIntegrationInstancesFlow.stage1.01" [_thread_blocked, id=17092, stack(0x0000000014d50000,0x0000000014e50000)]
  0x000000000aa46800 JavaThread "[cisco-spark-integration-management-bot-meddaging].getIntegrationInstanceFlow.stage1.01" [_thread_blocked, id=15272, stack(0x0000000014b60000,0x0000000014c60000)]
  0x000000000aa45800 JavaThread "[cisco-spark-integration-management-bot-meddaging].getIntegrationSettingsFlow.stage1.01" [_thread_blocked, id=15476, stack(0x00000000148d0000,0x00000000149d0000)]
  0x000000000aa45000 JavaThread "[cisco-spark-integration-management-bot-meddaging].getIntegrationFlow.stage1.01" [_thread_blocked, id=16020, stack(0x0000000014780000,0x0000000014880000)]
  0x000000000aa44000 JavaThread "[cisco-spark-integration-management-bot-meddaging].getIntegrationsFlow.stage1.01" [_thread_blocked, id=18136, stack(0x0000000014400000,0x0000000014500000)]
  0x000000000aa0b000 JavaThread "[cisco-spark-integration-management-bot-meddaging].coreServicesTrackingFlow.1.01" [_thread_blocked, id=16736, stack(0x0000000014540000,0x0000000014640000)]
  0x000000000aa0a800 JavaThread "[cisco-spark-integration-management-bot-meddaging].coreServicesTrackingFlow.stage1.01" [_thread_blocked, id=17372, stack(0x00000000142f0000,0x00000000143f0000)]
  0x000000000aa09800 JavaThread "[cisco-spark-integration-management-bot-meddaging].coreServicesLoggingFlow.1.01" [_thread_blocked, id=18316, stack(0x00000000141f0000,0x00000000142f0000)]
  0x000000000aa09000 JavaThread "[cisco-spark-integration-management-bot-meddaging].coreServicesLoggingFlow.stage1.01" [_thread_blocked, id=18416, stack(0x0000000013b00000,0x0000000013c00000)]
  0x000000000aa08000 JavaThread "[cisco-spark-integration-management-bot-meddaging].coreServicesAlertsFlow.1.01" [_thread_blocked, id=14124, stack(0x00000000140f0000,0x00000000141f0000)]
  0x000000000aa07800 JavaThread "[cisco-spark-integration-management-bot-meddaging].coreServicesAlertsFlow.stage1.01" [_thread_blocked, id=19340, stack(0x0000000013fc0000,0x00000000140c0000)]
  0x000000000aa06800 JavaThread "[cisco-spark-integration-management-bot-meddaging].deleteClientTokenByIntegrationIdAndUserIdFlow.stage1.01" [_thread_blocked, id=14824, stack(0x0000000013e20000,0x0000000013f20000)]
  0x000000000aa06000 JavaThread "[cisco-spark-integration-management-bot-meddaging].putClientTokenFlow.stage1.01" [_thread_blocked, id=14912, stack(0x0000000013cd0000,0x0000000013dd0000)]
  0x000000000aa05000 JavaThread "[cisco-spark-integration-management-bot-meddaging].postClientTokenFlow.stage1.01" [_thread_blocked, id=13728, stack(0x0000000013640000,0x0000000013740000)]
  0x000000000aa04800 JavaThread "[cisco-spark-integration-management-bot-meddaging].getBotClientTokenFlow.stage1.01" [_thread_blocked, id=14404, stack(0x0000000013a00000,0x0000000013b00000)]
  0x000000000aa03800 JavaThread "[cisco-spark-integration-management-bot-meddaging].getClientTokenFlow.stage1.01" [_thread_blocked, id=16644, stack(0x00000000138c0000,0x00000000139c0000)]
  0x000000000aa03000 JavaThread "[cisco-spark-integration-management-bot-meddaging].healthCheckPolling.stage1.01" [_thread_blocked, id=10468, stack(0x00000000137a0000,0x00000000138a0000)]
  0x000000000aa02000 JavaThread "[cisco-spark-integration-management-bot-meddaging].refreshSparkTokenPolling.stage1.01" [_thread_blocked, id=13524, stack(0x0000000013110000,0x0000000013210000)]
  0x000000000aa01800 JavaThread "[cisco-spark-integration-management-bot-meddaging].delete:/clients/tokens:api-config.stage1.01" [_thread_blocked, id=16808, stack(0x00000000116d0000,0x00000000117d0000)]
  0x000000000aa00800 JavaThread "[cisco-spark-integration-management-bot-meddaging].delete:/integrations/{integrationId}/appTokens:api-config.stage1.01" [_thread_blocked, id=13520, stack(0x0000000013530000,0x0000000013630000)]
  0x000000000aa00000 JavaThread "[cisco-spark-integration-management-bot-meddaging].get:/hooks:api-config.stage1.01" [_thread_blocked, id=15068, stack(0x00000000133b0000,0x00000000134b0000)]
  0x000000000a9ff000 JavaThread "[cisco-spark-integration-management-bot-meddaging].get:/hooks/{instanceUuid}:api-config.stage1.01" [_thread_blocked, id=13040, stack(0x00000000132a0000,0x00000000133a0000)]
  0x000000000a9fe800 JavaThread "[cisco-spark-integration-management-bot-meddaging].head:/hooks/{instanceUuid}:api-config.stage1.01" [_thread_blocked, id=15232, stack(0x0000000012fd0000,0x00000000130d0000)]
  0x000000000a9fd800 JavaThread "[cisco-spark-integration-management-bot-meddaging].post:/hooks/{instanceUuid}:api-config.stage1.01" [_thread_blocked, id=16056, stack(0x0000000012ed0000,0x0000000012fd0000)]
  0x000000000a9fd000 JavaThread "[cisco-spark-integration-management-bot-meddaging].post:/clients/tokens:api-config.stage1.01" [_thread_blocked, id=10656, stack(0x0000000012ce0000,0x0000000012de0000)]
  0x000000000a9fc000 JavaThread "[cisco-spark-integration-management-bot-meddaging].get:/clients/appSettings/{integrationId}:api-config.stage1.01" [_thread_blocked, id=15844, stack(0x0000000012be0000,0x0000000012ce0000)]
  0x0000000006ad0000 JavaThread "[cisco-spark-integration-management-bot-meddaging].get:/clients/appSettings:api-config.stage1.01" [_thread_blocked, id=18928, stack(0x0000000012ae0000,0x0000000012be0000)]
  0x0000000006acf800 JavaThread "[cisco-spark-integration-management-bot-meddaging].get:/clients/tokens:api-config.stage1.01" [_thread_blocked, id=14652, stack(0x00000000129d0000,0x0000000012ad0000)]
  0x0000000006ace800 JavaThread "[cisco-spark-integration-management-bot-meddaging].delete:/integrations/instances/{instanceId}:api-config.stage1.01" [_thread_blocked, id=13764, stack(0x0000000012710000,0x0000000012810000)]
  0x0000000006ace000 JavaThread "[cisco-spark-integration-management-bot-meddaging].put:/integrations/instances/{instanceId}:api-config.stage1.01" [_thread_blocked, id=17632, stack(0x0000000012840000,0x0000000012940000)]
  0x0000000006acd000 JavaThread "[cisco-spark-integration-management-bot-meddaging].get:/integrations/instances:api-config.stage1.01" [_thread_blocked, id=15364, stack(0x00000000122e0000,0x00000000123e0000)]
  0x0000000006acc800 JavaThread "[cisco-spark-integration-management-bot-meddaging].post:/integrations/instances:api-config.stage1.01" [_thread_blocked, id=15740, stack(0x00000000125c0000,0x00000000126c0000)]
  0x0000000006acb800 JavaThread "[cisco-spark-integration-management-bot-meddaging].get:/integrations/instances/{instanceId}:api-config.stage1.01" [_thread_blocked, id=15736, stack(0x0000000012410000,0x0000000012510000)]
  0x0000000006acb000 JavaThread "[cisco-spark-integration-management-bot-meddaging].get:/staticContent:api-config.stage1.01" [_thread_blocked, id=15692, stack(0x0000000010150000,0x0000000010250000)]
  0x0000000006aca000 JavaThread "[cisco-spark-integration-management-bot-meddaging].get:/integrations/htmlContent:api-config.stage1.01" [_thread_blocked, id=15648, stack(0x00000000114c0000,0x00000000115c0000)]
  0x0000000006ac9800 JavaThread "[cisco-spark-integration-management-bot-meddaging].get:/integrations/{integrationId}:api-config.stage1.01" [_thread_blocked, id=14204, stack(0x0000000011fc0000,0x00000000120c0000)]
  0x0000000006ac8800 JavaThread "[cisco-spark-integration-management-bot-meddaging].delete:/integrations/{integrationId}/appTokens/{appTokenId}:api-config.stage1.01" [_thread_blocked, id=17416, stack(0x00000000121d0000,0x00000000122d0000)]
  0x0000000006ac8000 JavaThread "[cisco-spark-integration-management-bot-meddaging].get:/integrations/{integrationId}/appTokens:api-config.stage1.01" [_thread_blocked, id=6728, stack(0x00000000120d0000,0x00000000121d0000)]
  0x0000000006ac7000 JavaThread "[cisco-spark-integration-management-bot-meddaging].post:/integrations/{integrationId}/appTokens:api-config.stage1.01" [_thread_blocked, id=18936, stack(0x0000000011e70000,0x0000000011f70000)]
  0x0000000006ac6800 JavaThread "[cisco-spark-integration-management-bot-meddaging].get:/integrations/healthCheck:api-config.stage1.01" [_thread_blocked, id=19032, stack(0x0000000011ca0000,0x0000000011da0000)]
  0x0000000006ac5800 JavaThread "[cisco-spark-integration-management-bot-meddaging].post:/integrations/{integrationId}/uiSettings:api-config.stage1.01" [_thread_blocked, id=15048, stack(0x0000000011ba0000,0x0000000011ca0000)]
  0x0000000006ac5000 JavaThread "[cisco-spark-integration-management-bot-meddaging].get:/integrations/{integrationId}/getSparkRooms:api-config.stage1.01" [_thread_blocked, id=4064, stack(0x00000000112b0000,0x00000000113b0000)]
  0x0000000006ac4000 JavaThread "[cisco-spark-integration-management-bot-meddaging].get:/integrations/{integrationId}/uiSettings:api-config.stage1.01" [_thread_blocked, id=2260, stack(0x0000000011940000,0x0000000011a40000)]
  0x0000000006ac3800 JavaThread "[cisco-spark-integration-management-bot-meddaging].post:/integrations/{integrationId}/authDetails:api-config.stage1.01" [_thread_blocked, id=19656, stack(0x0000000011a50000,0x0000000011b50000)]
  0x0000000006ac2800 JavaThread "[cisco-spark-integration-management-bot-meddaging].get:/integrations:api-config.stage1.01" [_thread_blocked, id=14116, stack(0x00000000117d0000,0x00000000118d0000)]
  0x0000000006ac2000 JavaThread "[cisco-spark-integration-management-bot-meddaging].get:/applications/{applicationId}:api-config.stage1.01" [_thread_blocked, id=8844, stack(0x00000000115d0000,0x00000000116d0000)]
  0x0000000006ac1000 JavaThread "[cisco-spark-integration-management-bot-meddaging].delete:/integrations/instances:api-config.stage1.01" [_thread_blocked, id=13840, stack(0x00000000113c0000,0x00000000114c0000)]
  0x000000000b871800 JavaThread "[cisco-spark-integration-management-bot-meddaging].api-console.stage1.01" [_thread_blocked, id=13552, stack(0x00000000111b0000,0x00000000112b0000)]
  0x000000000b870800 JavaThread "[cisco-spark-integration-management-bot-meddaging].api-main.stage1.01" [_thread_blocked, id=16580, stack(0x0000000011040000,0x0000000011140000)]
  0x000000000b870000 JavaThread "[cisco-spark-integration-management-bot-meddaging].http.requester.HTTP_Request_mangmt_webhook.worker(2)" daemon [_thread_blocked, id=13812, stack(0x0000000010ed0000,0x0000000010fd0000)]
  0x000000000b86f000 JavaThread "[cisco-spark-integration-management-bot-meddaging].http.requester.HTTP_Request_mangmt_webhook.worker(1)" daemon [_thread_blocked, id=15032, stack(0x0000000010d60000,0x0000000010e60000)]
  0x000000000b86e800 JavaThread "[cisco-spark-integration-management-bot-meddaging].http.requester.HTTP_Request_mangmt_webhook(1) SelectorRunner" daemon [_thread_in_native, id=13452, stack(0x000000000ff40000,0x0000000010040000)]
  0x000000000b86d800 JavaThread "connection-pool-delays-thread-pool(1)" daemon [_thread_blocked, id=17744, stack(0x0000000010be0000,0x0000000010ce0000)]
  0x000000000b86d000 JavaThread "Grizzly-IdleTimeoutFilter-IdleCheck" daemon [_thread_blocked, id=15096, stack(0x0000000010a90000,0x0000000010b90000)]
  0x000000000b86c000 JavaThread "[cisco-spark-integration-management-bot-meddaging].http.requester.HTTP_Request_Management_Health_Check.worker(2)" daemon [_thread_blocked, id=15200, stack(0x00000000108f0000,0x00000000109f0000)]
  0x000000000b86b800 JavaThread "[cisco-spark-integration-management-bot-meddaging].http.requester.HTTP_Request_Management_Health_Check.worker(1)" daemon [_thread_blocked, id=17596, stack(0x0000000010510000,0x0000000010610000)]
  0x000000000b86a800 JavaThread "[cisco-spark-integration-management-bot-meddaging].http.requester.HTTP_Request_Management_Health_Check(1) SelectorRunner" daemon [_thread_in_native, id=19348, stack(0x0000000010730000,0x0000000010830000)]
  0x000000000b86a000 JavaThread "connection-pool-delays-thread-pool(1)" daemon [_thread_blocked, id=14664, stack(0x0000000010610000,0x0000000010710000)]
  0x000000000b869000 JavaThread "Grizzly-IdleTimeoutFilter-IdleCheck" daemon [_thread_blocked, id=13660, stack(0x00000000103a0000,0x00000000104a0000)]
  0x000000000b868800 JavaThread "[cisco-spark-integration-management-bot-meddaging].http.requester.HTTP_Pages_Request_Configuration.worker(2)" daemon [_thread_blocked, id=15948, stack(0x0000000010250000,0x0000000010350000)]
  0x000000000b867800 JavaThread "[cisco-spark-integration-management-bot-meddaging].http.requester.HTTP_Pages_Request_Configuration.worker(1)" daemon [_thread_blocked, id=13384, stack(0x0000000010040000,0x0000000010140000)]
  0x000000000b867000 JavaThread "[cisco-spark-integration-management-bot-meddaging].http.requester.HTTP_Pages_Request_Configuration(1) SelectorRunner" daemon [_thread_in_native, id=16208, stack(0x000000000fe40000,0x000000000ff40000)]
  0x000000000b866000 JavaThread "connection-pool-delays-thread-pool(1)" daemon [_thread_blocked, id=16824, stack(0x000000000fd20000,0x000000000fe20000)]
  0x000000000b865800 JavaThread "Grizzly-IdleTimeoutFilter-IdleCheck" daemon [_thread_blocked, id=14268, stack(0x000000000fc20000,0x000000000fd20000)]
  0x000000000b864800 JavaThread "[cisco-spark-integration-management-bot-meddaging].http.requester.HTTPS_Pages_Request_Configuration.worker(2)" daemon [_thread_blocked, id=12884, stack(0x000000000f7a0000,0x000000000f8a0000)]
  0x000000000b864000 JavaThread "[cisco-spark-integration-management-bot-meddaging].http.requester.HTTPS_Pages_Request_Configuration.worker(1)" daemon [_thread_blocked, id=17952, stack(0x000000000fa50000,0x000000000fb50000)]
  0x000000000b863000 JavaThread "[cisco-spark-integration-management-bot-meddaging].http.requester.HTTPS_Pages_Request_Configuration(1) SelectorRunner" daemon [_thread_in_native, id=18148, stack(0x000000000f8d0000,0x000000000f9d0000)]
  0x000000000b862800 JavaThread "connection-pool-delays-thread-pool(1)" daemon [_thread_blocked, id=14316, stack(0x000000000f560000,0x000000000f660000)]
  0x000000000a986800 JavaThread "Grizzly-IdleTimeoutFilter-IdleCheck" daemon [_thread_blocked, id=14860, stack(0x000000000e910000,0x000000000ea10000)]
  0x000000000a985800 JavaThread "[cisco-spark-integration-management-bot-meddaging].http.requester.HTTP_Request_Configuration_Spark_API.worker(2)" daemon [_thread_blocked, id=8264, stack(0x000000000f680000,0x000000000f780000)]
  0x000000000a985000 JavaThread "[cisco-spark-integration-management-bot-meddaging].http.requester.HTTP_Request_Configuration_Spark_API.worker(1)" daemon [_thread_blocked, id=15956, stack(0x000000000f180000,0x000000000f280000)]
  0x000000000a984000 JavaThread "[cisco-spark-integration-management-bot-meddaging].http.requester.HTTP_Request_Configuration_Spark_API(1) SelectorRunner" daemon [_thread_in_native, id=14696, stack(0x000000000f430000,0x000000000f530000)]
  0x000000000a983800 JavaThread "connection-pool-delays-thread-pool(1)" daemon [_thread_blocked, id=14036, stack(0x000000000f2b0000,0x000000000f3b0000)]
  0x000000000a982800 JavaThread "Grizzly-IdleTimeoutFilter-IdleCheck" daemon [_thread_blocked, id=12968, stack(0x0000000009970000,0x0000000009a70000)]
  0x000000000a982000 JavaThread "[cisco-spark-integration-management-bot-meddaging].http.requester.HTTP_Request_Configuration_StaticContent.worker(2)" daemon [_thread_blocked, id=12880, stack(0x000000000eff0000,0x000000000f0f0000)]
  0x000000000a981000 JavaThread "[cisco-spark-integration-management-bot-meddaging].http.requester.HTTP_Request_Configuration_StaticContent.worker(1)" daemon [_thread_blocked, id=14848, stack(0x000000000ee90000,0x000000000ef90000)]
  0x000000000a980800 JavaThread "[cisco-spark-integration-management-bot-meddaging].http.requester.HTTP_Request_Configuration_StaticContent(1) SelectorRunner" daemon [_thread_in_native, id=14140, stack(0x000000000eca0000,0x000000000eda0000)]
  0x000000000a97f800 JavaThread "connection-pool-delays-thread-pool(1)" daemon [_thread_blocked, id=13752, stack(0x000000000eb60000,0x000000000ec60000)]
  0x000000000a97f000 JavaThread "Grizzly-IdleTimeoutFilter-IdleCheck" daemon [_thread_blocked, id=13228, stack(0x000000000ea10000,0x000000000eb10000)]
  0x000000000a97e000 JavaThread "[cisco-spark-integration-management-bot-meddaging].http.requester.HTTP_Request_Configuration_Local.worker(2)" daemon [_thread_blocked, id=18044, stack(0x000000000e7f0000,0x000000000e8f0000)]
  0x000000000a97d800 JavaThread "[cisco-spark-integration-management-bot-meddaging].http.requester.HTTP_Request_Configuration_Local.worker(1)" daemon [_thread_blocked, id=16788, stack(0x000000000e350000,0x000000000e450000)]
  0x000000000a97c800 JavaThread "[cisco-spark-integration-management-bot-meddaging].http.requester.HTTP_Request_Configuration_Local(1) SelectorRunner" daemon [_thread_in_native, id=17708, stack(0x000000000e660000,0x000000000e760000)]
  0x000000000a97c000 JavaThread "connection-pool-delays-thread-pool(1)" daemon [_thread_blocked, id=18752, stack(0x000000000e4d0000,0x000000000e5d0000)]
  0x000000000a97b000 JavaThread "Grizzly-IdleTimeoutFilter-IdleCheck" daemon [_thread_blocked, id=17156, stack(0x000000000e1f0000,0x000000000e2f0000)]
  0x000000000a97a800 JavaThread "[cisco-spark-integration-management-bot-meddaging].http.requester.HTTP_Dynamic_Request_Configuration.worker(2)" daemon [_thread_blocked, id=18320, stack(0x000000000e010000,0x000000000e110000)]
  0x000000000a979800 JavaThread "[cisco-spark-integration-management-bot-meddaging].http.requester.HTTP_Dynamic_Request_Configuration.worker(1)" daemon [_thread_blocked, id=17220, stack(0x000000000dd00000,0x000000000de00000)]
  0x000000000a979000 JavaThread "[cisco-spark-integration-management-bot-meddaging].http.requester.HTTP_Dynamic_Request_Configuration(1) SelectorRunner" daemon [_thread_in_native, id=8764, stack(0x000000000d620000,0x000000000d720000)]
  0x000000000a978000 JavaThread "connection-pool-delays-thread-pool(1)" daemon [_thread_blocked, id=19440, stack(0x000000000dec0000,0x000000000dfc0000)]
  0x000000000a977800 JavaThread "Grizzly-IdleTimeoutFilter-IdleCheck" daemon [_thread_blocked, id=17996, stack(0x000000000dc00000,0x000000000dd00000)]
  0x0000000008180800 JavaThread "[cisco-spark-integration-management-bot-meddaging].http.requester.HTTP_Integrations_Runtime_Request_Configuration.worker(2)" daemon [_thread_blocked, id=5860, stack(0x000000000da10000,0x000000000db10000)]
  0x000000000817f800 JavaThread "[cisco-spark-integration-management-bot-meddaging].http.requester.HTTP_Integrations_Runtime_Request_Configuration.worker(1)" daemon [_thread_blocked, id=19424, stack(0x000000000d120000,0x000000000d220000)]
  0x000000000817f000 JavaThread "[cisco-spark-integration-management-bot-meddaging].http.requester.HTTP_Integrations_Runtime_Request_Configuration(1) SelectorRunner" daemon [_thread_in_native, id=17236, stack(0x000000000d8a0000,0x000000000d9a0000)]
  0x000000000817e000 JavaThread "connection-pool-delays-thread-pool(1)" daemon [_thread_blocked, id=14936, stack(0x000000000d720000,0x000000000d820000)]
  0x000000000817d800 JavaThread "Grizzly-IdleTimeoutFilter-IdleCheck" daemon [_thread_blocked, id=19304, stack(0x0000000009cb0000,0x0000000009db0000)]
  0x000000000817c800 JavaThread "[cisco-spark-integration-management-bot-meddaging].http.requester.HTTP_Coreservices_Request_Configuration.worker(2)" daemon [_thread_blocked, id=17036, stack(0x000000000d520000,0x000000000d620000)]
  0x000000000817c000 JavaThread "[cisco-spark-integration-management-bot-meddaging].http.requester.HTTP_Coreservices_Request_Configuration.worker(1)" daemon [_thread_blocked, id=18256, stack(0x000000000c950000,0x000000000ca50000)]
  0x000000000817b000 JavaThread "[cisco-spark-integration-management-bot-meddaging].http.requester.HTTP_Coreservices_Request_Configuration(1) SelectorRunner" daemon [_thread_in_native, id=18968, stack(0x000000000d390000,0x000000000d490000)]
  0x000000000817a800 JavaThread "connection-pool-delays-thread-pool(1)" daemon [_thread_blocked, id=16616, stack(0x000000000a120000,0x000000000a220000)]
  0x0000000008179800 JavaThread "Grizzly-IdleTimeoutFilter-IdleCheck" daemon [_thread_blocked, id=17732, stack(0x000000000d240000,0x000000000d340000)]
  0x0000000008179000 JavaThread "pool-19-thread-3" daemon [_thread_blocked, id=5484, stack(0x000000000cfb0000,0x000000000d0b0000)]
  0x0000000008178000 JavaThread "pool-19-thread-2" daemon [_thread_blocked, id=16080, stack(0x000000000cb70000,0x000000000cc70000)]
  0x0000000008177800 JavaThread "pool-19-thread-1" daemon [_thread_blocked, id=18244, stack(0x000000000ce30000,0x000000000cf30000)]
  0x0000000008176800 JavaThread "[cisco-spark-integration-management-bot-meddaging].http.listener.HttpIdleConnectionCloser.01" [_thread_blocked, id=17576, stack(0x000000000b440000,0x000000000b540000)]
  0x0000000008176000 JavaThread "[cisco-spark-integration-management-bot-meddaging].http.listener.worker(2)" daemon [_thread_blocked, id=16180, stack(0x000000000cc70000,0x000000000cd70000)]
  0x0000000008175000 JavaThread "[cisco-spark-integration-management-bot-meddaging].http.listener.worker(1)" daemon [_thread_blocked, id=18204, stack(0x000000000ca50000,0x000000000cb50000)]
  0x0000000008174800 JavaThread "[cisco-spark-integration-management-bot-meddaging].http.listener(2) SelectorRunner" daemon [_thread_in_native, id=16792, stack(0x000000000c850000,0x000000000c950000)]
  0x0000000008173800 JavaThread "[cisco-spark-integration-management-bot-meddaging].http.listener(1) SelectorRunner" daemon [_thread_in_native, id=18420, stack(0x000000000c710000,0x000000000c810000)]
  0x0000000008173000 JavaThread "Log4j2-AsyncLoggerConfig-4" daemon [_thread_blocked, id=17792, stack(0x000000000b570000,0x000000000b670000)]
  0x0000000008172000 JavaThread "[cisco-spark-integration-management-bot-meddaging].Mule.01" [_thread_blocked, id=18712, stack(0x0000000009ed0000,0x0000000009fd0000)]
  0x0000000008171800 JavaThread "pool-3-thread-2" [_thread_blocked, id=16508, stack(0x000000000a340000,0x000000000a440000)]
  0x0000000007ac7000 JavaThread "pool-3-thread-1" [_thread_blocked, id=18264, stack(0x000000000a230000,0x000000000a330000)]
  0x0000000008207800 JavaThread "I/O dispatcher 1" [_thread_in_native, id=14852, stack(0x0000000009db0000,0x0000000009eb0000)]
  0x0000000008158000 JavaThread "pool-7-thread-1" [_thread_in_native, id=17644, stack(0x0000000009bb0000,0x0000000009cb0000)]
  0x0000000007fa2000 JavaThread "Log4j2-AsyncLoggerConfig-3" daemon [_thread_blocked, id=7904, stack(0x0000000009a70000,0x0000000009b70000)]
  0x0000000007a85000 JavaThread "Log4j2-AsyncLoggerConfig-2" daemon [_thread_blocked, id=19168, stack(0x0000000009870000,0x0000000009970000)]
  0x0000000007a84000 JavaThread "pool-4-thread-2" [_thread_blocked, id=18468, stack(0x0000000009710000,0x0000000009810000)]
  0x0000000007e04000 JavaThread "pool-4-thread-1" [_thread_blocked, id=18580, stack(0x0000000009600000,0x0000000009700000)]
  0x0000000007e03800 JavaThread "Thread-2" [_thread_blocked, id=11688, stack(0x0000000009320000,0x0000000009420000)]
  0x0000000007b92000 JavaThread "MapDB writer #2" daemon [_thread_blocked, id=16356, stack(0x0000000009470000,0x0000000009570000)]
  0x0000000007c4f000 JavaThread "MapDB writer #1" daemon [_thread_blocked, id=14628, stack(0x0000000008eb0000,0x0000000008fb0000)]
  0x0000000007a43000 JavaThread "Log4j2-AsyncLoggerConfig-1" daemon [_thread_blocked, id=11288, stack(0x0000000008fc0000,0x00000000090c0000)]
  0x0000000005d44000 JavaThread "Service Thread" daemon [_thread_blocked, id=17568, stack(0x0000000006960000,0x0000000006a60000)]
  0x0000000005d41000 JavaThread "C2 CompilerThread1" daemon [_thread_blocked, id=18036, stack(0x0000000006820000,0x0000000006920000)]
=>0x0000000005d33800 JavaThread "C2 CompilerThread0" daemon [_thread_in_native, id=18040, stack(0x0000000006560000,0x0000000006660000)]
  0x0000000005d32000 JavaThread "Attach Listener" daemon [_thread_blocked, id=18048, stack(0x00000000060a0000,0x00000000061a0000)]
  0x0000000005d2e000 JavaThread "Signal Dispatcher" daemon [_thread_blocked, id=18052, stack(0x00000000063e0000,0x00000000064e0000)]
  0x0000000005cde000 JavaThread "Finalizer" daemon [_thread_blocked, id=19240, stack(0x00000000061e0000,0x00000000062e0000)]
  0x0000000005cd6800 JavaThread "Reference Handler" daemon [_thread_blocked, id=17872, stack(0x0000000005fa0000,0x00000000060a0000)]

Other Threads:
  0x0000000005cd2800 VMThread [stack: 0x0000000005e10000,0x0000000005f10000] [id=17928]
  0x0000000005db4000 WatcherThread [stack: 0x0000000006f60000,0x0000000007060000] [id=15152]

VM state:not at safepoint (normal execution)

VM Mutex/Monitor currently owned by a thread: None

Heap
 def new generation   total 39296K, used 29426K [0x0000000770000000, 0x0000000772aa0000, 0x000000079aaa0000)
  eden space 34944K,  77% used [0x0000000770000000, 0x0000000771a6bd78, 0x0000000772220000)
  from space 4352K,  54% used [0x0000000772220000, 0x0000000772470d58, 0x0000000772660000)
  to   space 4352K,   0% used [0x0000000772660000, 0x0000000772660000, 0x0000000772aa0000)
 tenured generation   total 87424K, used 86837K [0x000000079aaa0000, 0x00000007a0000000, 0x00000007f0000000)
   the space 87424K,  99% used [0x000000079aaa0000, 0x000000079ff6d580, 0x000000079ff6d600, 0x00000007a0000000)
 compacting perm gen  total 131072K, used 68450K [0x00000007f0000000, 0x00000007f8000000, 0x0000000800000000)
   the space 131072K,  52% used [0x00000007f0000000, 0x00000007f42d8b38, 0x00000007f42d8c00, 0x00000007f8000000)
No shared spaces configured.

Card table byte_map: [0x00000000054c0000,0x0000000005950000] byte_map_base: 0x0000000001940000

Polling page: 0x0000000000420000

Code Cache  [0x00000000024c0000, 0x0000000002980000, 0x00000000054c0000)
 total_blobs=2149 nmethods=1623 adapters=478 free_code_cache=44428Kb largest_free_block=45413312

Compilation events (10 events):
Event: 1449.175 Thread 0x0000000005d33800 nmethod 1822 0x0000000002961f90 code [0x00000000029620c0, 0x0000000002962118]
Event: 1478.002 Thread 0x0000000005d33800 1823   !         java.util.concurrent.LinkedBlockingDeque::pollFirst (84 bytes)
Event: 1478.008 Thread 0x0000000005d33800 nmethod 1823 0x0000000002961390 code [0x0000000002961520, 0x00000000029619a0]
Event: 1518.420 Thread 0x0000000005d33800 1824             java.io.File::isInvalid (47 bytes)
Event: 1518.423 Thread 0x0000000005d33800 nmethod 1824 0x000000000295fe90 code [0x000000000295ffe0, 0x00000000029601d8]
Event: 1567.407 Thread 0x0000000005d33800 1825             javax.naming.ldap.Rfc2253Parser::parseStringAttrValue (164 bytes)
Event: 1567.414 Thread 0x0000000005d33800 nmethod 1825 0x000000000295f450 code [0x000000000295f5c0, 0x000000000295fb18]
Event: 1589.401 Thread 0x0000000005d33800 1826   !         javax.naming.ldap.Rdn::unescapeValue (347 bytes)
Event: 1589.423 Thread 0x0000000005d33800 nmethod 1826 0x000000000296ebd0 code [0x000000000296ede0, 0x000000000296ff50]
Event: 1613.890 Thread 0x0000000005d33800 1827             java.net.URI$Parser::parseHostname (202 bytes)

GC Heap History (10 events):
Event: 238.908 GC heap before
{Heap before GC invocations=81 (full 0):
 def new generation   total 39296K, used 37174K [0x0000000770000000, 0x0000000772aa0000, 0x000000079aaa0000)
  eden space 34944K, 100% used [0x0000000770000000, 0x0000000772220000, 0x0000000772220000)
  from space 4352K,  51% used [0x0000000772660000, 0x000000077288da28, 0x0000000772aa0000)
  to   space 4352K,   0% used [0x0000000772220000, 0x0000000772220000, 0x0000000772660000)
 tenured generation   total 87424K, used 85992K [0x000000079aaa0000, 0x00000007a0000000, 0x00000007f0000000)
   the space 87424K,  98% used [0x000000079aaa0000, 0x000000079fe9a0d0, 0x000000079fe9a200, 0x00000007a0000000)
 compacting perm gen  total 131072K, used 68285K [0x00000007f0000000, 0x00000007f8000000, 0x0000000800000000)
   the space 131072K,  52% used [0x00000007f0000000, 0x00000007f42af490, 0x00000007f42af600, 0x00000007f8000000)
No shared spaces configured.
Event: 238.918 GC heap after
Heap after GC invocations=82 (full 0):
 def new generation   total 39296K, used 2428K [0x0000000770000000, 0x0000000772aa0000, 0x000000079aaa0000)
  eden space 34944K,   0% used [0x0000000770000000, 0x0000000770000000, 0x0000000772220000)
  from space 4352K,  55% used [0x0000000772220000, 0x000000077247f190, 0x0000000772660000)
  to   space 4352K,   0% used [0x0000000772660000, 0x0000000772660000, 0x0000000772aa0000)
 tenured generation   total 87424K, used 86491K [0x000000079aaa0000, 0x00000007a0000000, 0x00000007f0000000)
   the space 87424K,  98% used [0x000000079aaa0000, 0x000000079ff16e78, 0x000000079ff17000, 0x00000007a0000000)
 compacting perm gen  total 131072K, used 68285K [0x00000007f0000000, 0x00000007f8000000, 0x0000000800000000)
   the space 131072K,  52% used [0x00000007f0000000, 0x00000007f42af490, 0x00000007f42af600, 0x00000007f8000000)
No shared spaces configured.
}
Event: 398.891 GC heap before
{Heap before GC invocations=82 (full 0):
 def new generation   total 39296K, used 37372K [0x0000000770000000, 0x0000000772aa0000, 0x000000079aaa0000)
  eden space 34944K, 100% used [0x0000000770000000, 0x0000000772220000, 0x0000000772220000)
  from space 4352K,  55% used [0x0000000772220000, 0x000000077247f190, 0x0000000772660000)
  to   space 4352K,   0% used [0x0000000772660000, 0x0000000772660000, 0x0000000772aa0000)
 tenured generation   total 87424K, used 86491K [0x000000079aaa0000, 0x00000007a0000000, 0x00000007f0000000)
   the space 87424K,  98% used [0x000000079aaa0000, 0x000000079ff16e78, 0x000000079ff17000, 0x00000007a0000000)
 compacting perm gen  total 131072K, used 68333K [0x00000007f0000000, 0x00000007f8000000, 0x0000000800000000)
   the space 131072K,  52% used [0x00000007f0000000, 0x00000007f42bb438, 0x00000007f42bb600, 0x00000007f8000000)
No shared spaces configured.
Event: 398.897 GC heap after
Heap after GC invocations=83 (full 0):
 def new generation   total 39296K, used 1904K [0x0000000770000000, 0x0000000772aa0000, 0x000000079aaa0000)
  eden space 34944K,   0% used [0x0000000770000000, 0x0000000770000000, 0x0000000772220000)
  from space 4352K,  43% used [0x0000000772660000, 0x000000077283c330, 0x0000000772aa0000)
  to   space 4352K,   0% used [0x0000000772220000, 0x0000000772220000, 0x0000000772660000)
 tenured generation   total 87424K, used 86837K [0x000000079aaa0000, 0x00000007a0000000, 0x00000007f0000000)
   the space 87424K,  99% used [0x000000079aaa0000, 0x000000079ff6d580, 0x000000079ff6d600, 0x00000007a0000000)
 compacting perm gen  total 131072K, used 68333K [0x00000007f0000000, 0x00000007f8000000, 0x0000000800000000)
   the space 131072K,  52% used [0x00000007f0000000, 0x00000007f42bb438, 0x00000007f42bb600, 0x00000007f8000000)
No shared spaces configured.
}
Event: 667.141 GC heap before
{Heap before GC invocations=83 (full 0):
 def new generation   total 39296K, used 36848K [0x0000000770000000, 0x0000000772aa0000, 0x000000079aaa0000)
  eden space 34944K, 100% used [0x0000000770000000, 0x0000000772220000, 0x0000000772220000)
  from space 4352K,  43% used [0x0000000772660000, 0x000000077283c330, 0x0000000772aa0000)
  to   space 4352K,   0% used [0x0000000772220000, 0x0000000772220000, 0x0000000772660000)
 tenured generation   total 87424K, used 86837K [0x000000079aaa0000, 0x00000007a0000000, 0x00000007f0000000)
   the space 87424K,  99% used [0x000000079aaa0000, 0x000000079ff6d580, 0x000000079ff6d600, 0x00000007a0000000)
 compacting perm gen  total 131072K, used 68375K [0x00000007f0000000, 0x00000007f8000000, 0x0000000800000000)
   the space 131072K,  52% used [0x00000007f0000000, 0x00000007f42c5c50, 0x00000007f42c5e00, 0x00000007f8000000)
No shared spaces configured.
Event: 667.148 GC heap after
Heap after GC invocations=84 (full 0):
 def new generation   total 39296K, used 1987K [0x0000000770000000, 0x0000000772aa0000, 0x000000079aaa0000)
  eden space 34944K,   0% used [0x0000000770000000, 0x0000000770000000, 0x0000000772220000)
  from space 4352K,  45% used [0x0000000772220000, 0x0000000772410df0, 0x0000000772660000)
  to   space 4352K,   0% used [0x0000000772660000, 0x0000000772660000, 0x0000000772aa0000)
 tenured generation   total 87424K, used 86837K [0x000000079aaa0000, 0x00000007a0000000, 0x00000007f0000000)
   the space 87424K,  99% used [0x000000079aaa0000, 0x000000079ff6d580, 0x000000079ff6d600, 0x00000007a0000000)
 compacting perm gen  total 131072K, used 68375K [0x00000007f0000000, 0x00000007f8000000, 0x0000000800000000)
   the space 131072K,  52% used [0x00000007f0000000, 0x00000007f42c5c50, 0x00000007f42c5e00, 0x00000007f8000000)
No shared spaces configured.
}
Event: 1030.186 GC heap before
{Heap before GC invocations=84 (full 0):
 def new generation   total 39296K, used 36931K [0x0000000770000000, 0x0000000772aa0000, 0x000000079aaa0000)
  eden space 34944K, 100% used [0x0000000770000000, 0x0000000772220000, 0x0000000772220000)
  from space 4352K,  45% used [0x0000000772220000, 0x0000000772410df0, 0x0000000772660000)
  to   space 4352K,   0% used [0x0000000772660000, 0x0000000772660000, 0x0000000772aa0000)
 tenured generation   total 87424K, used 86837K [0x000000079aaa0000, 0x00000007a0000000, 0x00000007f0000000)
   the space 87424K,  99% used [0x000000079aaa0000, 0x000000079ff6d580, 0x000000079ff6d600, 0x00000007a0000000)
 compacting perm gen  total 131072K, used 68422K [0x00000007f0000000, 0x00000007f8000000, 0x0000000800000000)
   the space 131072K,  52% used [0x00000007f0000000, 0x00000007f42d19a8, 0x00000007f42d1a00, 0x00000007f8000000)
No shared spaces configured.
Event: 1030.192 GC heap after
Heap after GC invocations=85 (full 0):
 def new generation   total 39296K, used 2093K [0x0000000770000000, 0x0000000772aa0000, 0x000000079aaa0000)
  eden space 34944K,   0% used [0x0000000770000000, 0x0000000770000000, 0x0000000772220000)
  from space 4352K,  48% used [0x0000000772660000, 0x000000077286b600, 0x0000000772aa0000)
  to   space 4352K,   0% used [0x0000000772220000, 0x0000000772220000, 0x0000000772660000)
 tenured generation   total 87424K, used 86837K [0x000000079aaa0000, 0x00000007a0000000, 0x00000007f0000000)
   the space 87424K,  99% used [0x000000079aaa0000, 0x000000079ff6d580, 0x000000079ff6d600, 0x00000007a0000000)
 compacting perm gen  total 131072K, used 68422K [0x00000007f0000000, 0x00000007f8000000, 0x0000000800000000)
   the space 131072K,  52% used [0x00000007f0000000, 0x00000007f42d19a8, 0x00000007f42d1a00, 0x00000007f8000000)
No shared spaces configured.
}
Event: 1364.852 GC heap before
{Heap before GC invocations=85 (full 0):
 def new generation   total 39296K, used 37037K [0x0000000770000000, 0x0000000772aa0000, 0x000000079aaa0000)
  eden space 34944K, 100% used [0x0000000770000000, 0x0000000772220000, 0x0000000772220000)
  from space 4352K,  48% used [0x0000000772660000, 0x000000077286b600, 0x0000000772aa0000)
  to   space 4352K,   0% used [0x0000000772220000, 0x0000000772220000, 0x0000000772660000)
 tenured generation   total 87424K, used 86837K [0x000000079aaa0000, 0x00000007a0000000, 0x00000007f0000000)
   the space 87424K,  99% used [0x000000079aaa0000, 0x000000079ff6d580, 0x000000079ff6d600, 0x00000007a0000000)
 compacting perm gen  total 131072K, used 68443K [0x00000007f0000000, 0x00000007f8000000, 0x0000000800000000)
   the space 131072K,  52% used [0x00000007f0000000, 0x00000007f42d6e10, 0x00000007f42d7000, 0x00000007f8000000)
No shared spaces configured.
Event: 1364.860 GC heap after
Heap after GC invocations=86 (full 0):
 def new generation   total 39296K, used 2371K [0x0000000770000000, 0x0000000772aa0000, 0x000000079aaa0000)
  eden space 34944K,   0% used [0x0000000770000000, 0x0000000770000000, 0x0000000772220000)
  from space 4352K,  54% used [0x0000000772220000, 0x0000000772470d58, 0x0000000772660000)
  to   space 4352K,   0% used [0x0000000772660000, 0x0000000772660000, 0x0000000772aa0000)
 tenured generation   total 87424K, used 86837K [0x000000079aaa0000, 0x00000007a0000000, 0x00000007f0000000)
   the space 87424K,  99% used [0x000000079aaa0000, 0x000000079ff6d580, 0x000000079ff6d600, 0x00000007a0000000)
 compacting perm gen  total 131072K, used 68443K [0x00000007f0000000, 0x00000007f8000000, 0x0000000800000000)
   the space 131072K,  52% used [0x00000007f0000000, 0x00000007f42d6e10, 0x00000007f42d7000, 0x00000007f8000000)
No shared spaces configured.
}

Deoptimization events (10 events):
Event: 44.523 Thread 0x000000000ab9c800 Uncommon trap: reason=bimorphic action=maybe_recompile pc=0x000000000292feb8 method=com.mulesoft.weave.reader.json.JsonTokenizer.advance()Z @ 5
Event: 44.524 Thread 0x000000000ab9c800 Uncommon trap: reason=bimorphic action=maybe_recompile pc=0x000000000292feb8 method=com.mulesoft.weave.reader.json.JsonTokenizer.advance()Z @ 5
Event: 44.528 Thread 0x000000000ab9c800 Uncommon trap: reason=bimorphic action=maybe_recompile pc=0x000000000292feb8 method=com.mulesoft.weave.reader.json.JsonTokenizer.advance()Z @ 5
Event: 44.528 Thread 0x000000000ab9c800 Uncommon trap: reason=bimorphic action=maybe_recompile pc=0x000000000292feb8 method=com.mulesoft.weave.reader.json.JsonTokenizer.advance()Z @ 5
Event: 48.272 Thread 0x000000000aa4f800 Uncommon trap: reason=null_check action=make_not_entrant pc=0x0000000002771d60 method=org.mule.lifecycle.DefaultLifecycleState.isStopping()Z @ 11
Event: 48.656 Thread 0x0000000005cd6800 Uncommon trap: reason=unreached action=reinterpret pc=0x00000000027a1a70 method=java.lang.ref.Reference$ReferenceHandler.run()V @ 74
Event: 48.709 Thread 0x0000000007c4f000 Uncommon trap: reason=unreached action=reinterpret pc=0x000000000280d6a8 method=org.mapdb.LongConcurrentHashMap$HashIterator.advance()V @ 4
Event: 52.166 Thread 0x0000000007a84000 Uncommon trap: reason=null_check action=make_not_entrant pc=0x00000000027418cc method=java.lang.Class.initAnnotationsIfNecessary()V @ 29
Event: 618.894 Thread 0x0000000008171800 Uncommon trap: reason=predicate action=maybe_recompile pc=0x00000000026b71d0 method=java.util.Arrays.fill([Ljava/lang/Object;Ljava/lang/Object;)V @ 10
Event: 1218.902 Thread 0x0000000008171800 Uncommon trap: reason=null_check action=make_not_entrant pc=0x000000000296a340 method=sun.security.ssl.CipherSuite$BulkCipher.isAvailable(Lsun/security/ssl/CipherSuite$BulkCipher;)Z @ 9

Internal exceptions (10 events):
Event: 1478.893 Thread 0x0000000008171800 Threw 0x0000000770ae7f60 at C:\re\jdk7u79\2331\hotspot\src\share\vm\prims\jni.cpp:743
Event: 1491.891 Thread 0x0000000008171800 Threw 0x0000000770d0e7f0 at C:\re\jdk7u79\2331\hotspot\src\share\vm\prims\jni.cpp:743
Event: 1508.895 Thread 0x0000000008171800 Threw 0x0000000770d273e8 at C:\re\jdk7u79\2331\hotspot\src\share\vm\prims\jni.cpp:743
Event: 1521.892 Thread 0x0000000008171800 Threw 0x0000000771011800 at C:\re\jdk7u79\2331\hotspot\src\share\vm\prims\jni.cpp:743
Event: 1538.894 Thread 0x0000000008171800 Threw 0x00000007712ec818 at C:\re\jdk7u79\2331\hotspot\src\share\vm\prims\jni.cpp:743
Event: 1551.893 Thread 0x0000000008171800 Threw 0x000000077130ebe0 at C:\re\jdk7u79\2331\hotspot\src\share\vm\prims\jni.cpp:743
Event: 1568.893 Thread 0x0000000008171800 Threw 0x0000000771447730 at C:\re\jdk7u79\2331\hotspot\src\share\vm\prims\jni.cpp:743
Event: 1581.891 Thread 0x0000000008171800 Threw 0x000000077172f2b8 at C:\re\jdk7u79\2331\hotspot\src\share\vm\prims\jni.cpp:743
Event: 1598.894 Thread 0x0000000008171800 Threw 0x0000000771747e88 at C:\re\jdk7u79\2331\hotspot\src\share\vm\prims\jni.cpp:743
Event: 1611.893 Thread 0x0000000008171800 Threw 0x0000000771922018 at C:\re\jdk7u79\2331\hotspot\src\share\vm\prims\jni.cpp:743

Events (10 events):
Event: 1611.889 Executing VM operation: RevokeBias
Event: 1611.890 Executing VM operation: RevokeBias done
Event: 1611.890 Executing VM operation: RevokeBias
Event: 1611.890 Executing VM operation: RevokeBias done
Event: 1611.890 Executing VM operation: RevokeBias
Event: 1611.890 Executing VM operation: RevokeBias done
Event: 1611.893 Executing VM operation: RevokeBias
Event: 1611.893 Executing VM operation: RevokeBias done
Event: 1611.893 Executing VM operation: RevokeBias
Event: 1611.893 Executing VM operation: RevokeBias done


Dynamic libraries:
0x000000013f440000 - 0x000000013f473000 	C:\Program Files\Java\jdk1.7.0_79\bin\javaw.exe
0x0000000076ff0000 - 0x000000007719b000 	C:\Windows\SYSTEM32\ntdll.dll
0x0000000076dd0000 - 0x0000000076eef000 	C:\Windows\system32\kernel32.dll
0x000007fefd270000 - 0x000007fefd2db000 	C:\Windows\system32\KERNELBASE.dll
0x000007fefe400000 - 0x000007fefe4db000 	C:\Windows\system32\ADVAPI32.dll
0x000007fefec80000 - 0x000007fefed1f000 	C:\Windows\system32\msvcrt.dll
0x000007fefec20000 - 0x000007fefec3f000 	C:\Windows\SYSTEM32\sechost.dll
0x000007fefd320000 - 0x000007fefd44e000 	C:\Windows\system32\RPCRT4.dll
0x0000000076ef0000 - 0x0000000076fea000 	C:\Windows\system32\USER32.dll
0x000007fefe5e0000 - 0x000007fefe647000 	C:\Windows\system32\GDI32.dll
0x000007fefec40000 - 0x000007fefec4e000 	C:\Windows\system32\LPK.dll
0x000007fefe650000 - 0x000007fefe71a000 	C:\Windows\system32\USP10.dll
0x000007fefb380000 - 0x000007fefb574000 	C:\Windows\WinSxS\amd64_microsoft.windows.common-controls_6595b64144ccf1df_6.0.7600.16385_none_fa645303170382f6\COMCTL32.dll
0x000007fefed20000 - 0x000007fefed91000 	C:\Windows\system32\SHLWAPI.dll
0x000007fefec50000 - 0x000007fefec7e000 	C:\Windows\system32\IMM32.DLL
0x000007feff1f0000 - 0x000007feff2f9000 	C:\Windows\system32\MSCTF.dll
0x0000000052330000 - 0x0000000052402000 	C:\Program Files\Java\jdk1.7.0_79\jre\bin\msvcr100.dll
0x00000000513e0000 - 0x0000000051bb5000 	C:\Program Files\Java\jdk1.7.0_79\jre\bin\server\jvm.dll
0x000007fef9e90000 - 0x000007fef9e99000 	C:\Windows\system32\WSOCK32.dll
0x000007fefe230000 - 0x000007fefe27d000 	C:\Windows\system32\WS2_32.dll
0x000007feff1e0000 - 0x000007feff1e8000 	C:\Windows\system32\NSI.dll
0x000007fefad50000 - 0x000007fefad8b000 	C:\Windows\system32\WINMM.dll
0x00000000771c0000 - 0x00000000771c7000 	C:\Windows\system32\PSAPI.DLL
0x0000000052ce0000 - 0x0000000052cef000 	C:\Program Files\Java\jdk1.7.0_79\jre\bin\verify.dll
0x00000000528d0000 - 0x00000000528f8000 	C:\Program Files\Java\jdk1.7.0_79\jre\bin\java.dll
0x00000000528b0000 - 0x00000000528c5000 	C:\Program Files\Java\jdk1.7.0_79\jre\bin\zip.dll
0x0000000052680000 - 0x000000005268b000 	C:\Program Files\Java\jdk1.7.0_79\jre\bin\management.dll
0x0000000052660000 - 0x000000005267a000 	C:\Program Files\Java\jdk1.7.0_79\jre\bin\net.dll
0x000007fefc780000 - 0x000007fefc7d4000 	C:\Windows\system32\mswsock.dll
0x000007fefc770000 - 0x000007fefc777000 	C:\Windows\System32\wship6.dll
0x0000000052640000 - 0x0000000052651000 	C:\Program Files\Java\jdk1.7.0_79\jre\bin\nio.dll
0x000007fefc7e0000 - 0x000007fefc7f7000 	C:\Windows\system32\CRYPTSP.dll
0x000007fefc4e0000 - 0x000007fefc527000 	C:\Windows\system32\rsaenh.dll
0x000007fefc290000 - 0x000007fefc2ae000 	C:\Windows\system32\USERENV.dll
0x000007fefcf50000 - 0x000007fefcf5f000 	C:\Windows\system32\profapi.dll
0x000007fefce40000 - 0x000007fefce4f000 	C:\Windows\system32\CRYPTBASE.dll
0x000007fefc1e0000 - 0x000007fefc207000 	C:\Windows\system32\IPHLPAPI.DLL
0x000007fefc1d0000 - 0x000007fefc1db000 	C:\Windows\system32\WINNSI.DLL
0x000007fefa160000 - 0x000007fefa171000 	C:\Windows\system32\dhcpcsvc6.DLL
0x000007fefc010000 - 0x000007fefc028000 	C:\Windows\system32\dhcpcsvc.DLL
0x000007fefab40000 - 0x000007fefab4a000 	C:\Users\db2admin.bandaru-PC\AppData\Local\Temp\jansi-64-5409011694400890040.dll
0x000007fefba10000 - 0x000007fefba25000 	C:\Windows\system32\NLAapi.dll
0x000007fefc600000 - 0x000007fefc65b000 	C:\Windows\system32\DNSAPI.dll
0x000007fef9c50000 - 0x000007fef9c5b000 	C:\Windows\System32\winrnr.dll
0x000007fef9c30000 - 0x000007fef9c45000 	C:\Windows\system32\napinsp.dll
0x000007fef9c10000 - 0x000007fef9c29000 	C:\Windows\system32\pnrpnsp.dll
0x000007fefa310000 - 0x000007fefa363000 	C:\Windows\System32\fwpuclnt.dll
0x000007fef9c60000 - 0x000007fef9c68000 	C:\Windows\system32\rasadhlp.dll
0x0000000052610000 - 0x0000000052634000 	C:\Program Files\Java\jdk1.7.0_79\jre\bin\sunec.dll
0x000007fefc0f0000 - 0x000007fefc0f7000 	C:\Windows\System32\wshtcpip.dll
0x0000000052600000 - 0x000000005260b000 	C:\Program Files\Java\jdk1.7.0_79\jre\bin\sunmscapi.dll
0x000007fefd100000 - 0x000007fefd266000 	C:\Windows\system32\CRYPT32.dll
0x000007fefcff0000 - 0x000007fefcfff000 	C:\Windows\system32\MSASN1.dll

VM Arguments:
jvm_args: -XX:PermSize=128M -XX:MaxPermSize=256M -Dmule.home=C:\Users\db2admin.bandaru-PC\AnypointStudio\downstairs\.mule -Djava.endorsed.dirs=C:\MULE\DOWN_STAIRS\AnypointStudio\plugins\org.mule.tooling.server.3.8.0.ee_6.0.0.201605131244\mule\lib\endorsed -Djava.net.preferIPv4Stack=TRUE -Dmvel2.disable.jit=TRUE -Dosgi.dev=true -Dmule.verbose.exceptions=true -Dmule.plugins.dir=C:\MULE\DOWN_STAIRS\AnypointStudio\plugins\org.mule.tooling.server.3.8.0.ee_6.0.0.201605131244\mule\plugins -Dmule.agent.enabled=false -Dmule.forceConsoleLog -Dlog4j.debug=true -Danypoint.platform.gatekeeper=false -Dosgi.instance.area=file:\C:\Users\db2admin.bandaru-PC\AnypointStudio\downstairs -Dmule.env=dev -Danypoint.platform.client_id=bdd7b4ae33084e8684aa3862e123b7a6 -Danypoint.platform.client_secret=417cad8af93041bd9E2D92401C24DF3E -Danypoint.platform.platform_base_uri=https://anypoint.mulesoft.com/apiplatform -Danypoint.platform.coreservice_base_uri=https://anypoint.mulesoft.com/accounts -Danypoint.platform.analytics_base_uri=https://analytics-ingest.anypoint.mulesoft.com -Danypoint.platform.contracts_base_uri=https://anypoint.mulesoft.com/apigateway/ccs -Dfile.encoding=Cp1252 
java_command: org.mule.tooling.server.application.ApplicationDeployer
Launcher Type: SUN_STANDARD

Environment Variables:
JAVA_HOME=C:\Program Files\Java\jdk1.7.0_03
CLASSPATH=.;C:\PROGRA~1\IBM\SQLLIB\java\db2java.zip;C:\PROGRA~1\IBM\SQLLIB\java\db2jcc.jar;C:\PROGRA~1\IBM\SQLLIB\java\sqlj.zip;C:\PROGRA~1\IBM\SQLLIB\java\db2jcc_license_cu.jar;C:\PROGRA~1\IBM\SQLLIB\bin;C:\PROGRA~1\IBM\SQLLIB\java\common.jar;C:\Program Files\Apache Software Foundation\Tomcat 7.0\lib\servlet-api.jar;C:\Program Files\apache-maven-3.3.9\bin;
PATH=C:\Windows\system32;C:\Windows;C:\Windows\system32\wbem;C:\Windows\system32\windowspowershell\v1.0\;c:\program files\ibm\gsk8\lib64;c:\program files (x86)\ibm\gsk8\lib;C:\PROGRA~1\IBM\SQLLIB\BIN;C:\PROGRA~1\IBM\SQLLIB\FUNCTION;C:\PROGRA~1\IBM\SQLLIB\SAMPLES\REPL;C:\Program Files\Java\jdk1.7.0_03\bin;C:\Program Files\TortoiseSVN\bin;C:\Program Files (x86)\Skype\Phone\;C:\Program Files\apache-maven-3.3.9\bin;C:\Program Files\Git\cmd;C:\Users\db2admin.bandaru-PC\Downloads\openssl-0.9.8k_X64\bin
USERNAME=db2admin
OS=Windows_NT
PROCESSOR_IDENTIFIER=Intel64 Family 6 Model 94 Stepping 3, GenuineIntel



---------------  S Y S T E M  ---------------

OS: Windows 7 , 64 bit Build 7600 

CPU:total 1 (1 cores per cpu, 1 threads per core) family 6 model 94 stepping 3, cmov, cx8, fxsr, mmx, sse, sse2, sse3, ssse3, sse4.1, sse4.2, popcnt, aes, tsc, tscinvbit

Memory: 4k page, physical 8388152k(931796k free), swap 12231684k(4916k free)

vm_info: Java HotSpot(TM) 64-Bit Server VM (24.79-b02) for windows-amd64 JRE (1.7.0_79-b15), built on Apr 10 2015 12:36:16 by "java_re" with unknown MS VC++:1600

time: Thu Dec 22 22:05:07 2016
elapsed time: 1613 seconds

