#
# There is insufficient memory for the Java Runtime Environment to continue.
# Native memory allocation (malloc) failed to allocate 262160 bytes for Chunk::new
# Possible reasons:
#   The system is out of physical RAM or swap space
#   In 32 bit mode, the process size limit was hit
# Possible solutions:
#   Reduce memory load on the system
#   Increase physical memory or swap space
#   Check if swap backing store is full
#   Use 64 bit Java on a 64 bit OS
#   Decrease Java heap size (-Xmx/-Xms)
#   Decrease number of Java threads
#   Decrease Java thread stack sizes (-Xss)
#   Set larger code cache with -XX:ReservedCodeCacheSize=
# This output file may be truncated or incomplete.
#
#  Out of Memory Error (allocation.cpp:325), pid=5240, tid=8324
#
# JRE version: 7.0_03-b05
# Java VM: Java HotSpot(TM) 64-Bit Server VM (22.1-b02 mixed mode windows-amd64 compressed oops)
# Failed to write core dump. Minidumps are not enabled by default on client versions of Windows
#

---------------  T H R E A D  ---------------

Current thread (0x0000000006594000):  JavaThread "C2 CompilerThread0" daemon [_thread_in_native, id=8324, stack(0x00000000072a0000,0x00000000073a0000)]

Stack: [0x00000000072a0000,0x00000000073a0000]

Current CompileTask:
C2:  19125  357             org.apache.maven.model.inheritance.DefaultInheritanceAssembler$InheritanceModelMerger::mergePluginContainer_Plugins (430 bytes)


---------------  P R O C E S S  ---------------

Java Threads: ( => current thread )
  0x000000000659b000 JavaThread "Service Thread" daemon [_thread_blocked, id=8100, stack(0x00000000076d0000,0x00000000077d0000)]
  0x000000000659a000 JavaThread "C2 CompilerThread1" daemon [_thread_blocked, id=2972, stack(0x00000000074b0000,0x00000000075b0000)]
=>0x0000000006594000 JavaThread "C2 CompilerThread0" daemon [_thread_in_native, id=8324, stack(0x00000000072a0000,0x00000000073a0000)]
  0x0000000006591800 JavaThread "Attach Listener" daemon [_thread_blocked, id=3324, stack(0x0000000007050000,0x0000000007150000)]
  0x0000000006590800 JavaThread "Signal Dispatcher" daemon [_thread_blocked, id=2752, stack(0x0000000006e00000,0x0000000006f00000)]
  0x00000000023b2000 JavaThread "Finalizer" daemon [_thread_blocked, id=3100, stack(0x0000000006f30000,0x0000000007030000)]
  0x00000000023b0800 JavaThread "Reference Handler" daemon [_thread_blocked, id=9076, stack(0x0000000006c70000,0x0000000006d70000)]
  0x000000000049d000 JavaThread "main" [_thread_in_native, id=4136, stack(0x00000000026b0000,0x00000000027b0000)]

Other Threads:
  0x00000000023a9000 VMThread [stack: 0x0000000006ac0000,0x0000000006bc0000] [id=9108]
  0x00000000065ad800 WatcherThread [stack: 0x0000000007190000,0x0000000007290000] [id=3144]

VM state:not at safepoint (normal execution)

VM Mutex/Monitor currently owned by a thread: None

Heap
 PSYoungGen      total 38208K, used 38094K [0x00000007d5560000, 0x00000007d8000000, 0x0000000800000000)
  eden space 32768K, 100% used [0x00000007d5560000,0x00000007d7560000,0x00000007d7560000)
  from space 5440K, 99% used [0x00000007d7ab0000,0x00000007d7ffc030,0x00000007d8000000)
  to   space 5440K, 0% used [0x00000007d7560000,0x00000007d7560000,0x00000007d7ab0000)
 PSOldGen        total 87424K, used 6664K [0x0000000780000000, 0x0000000785560000, 0x00000007d5560000)
  object space 87424K, 7% used [0x0000000780000000,0x00000007806822a8,0x0000000785560000)
 PSPermGen       total 21248K, used 16092K [0x000000077ae00000, 0x000000077c2c0000, 0x0000000780000000)
  object space 21248K, 75% used [0x000000077ae00000,0x000000077bdb7028,0x000000077c2c0000)

Code Cache  [0x00000000027b0000, 0x0000000002a20000, 0x00000000057b0000)
 total_blobs=651 nmethods=354 adapters=249 free_code_cache=47810Kb largest_free_block=48908544

Dynamic libraries:
0x000000013f560000 - 0x000000013f593000 	C:\Program Files\Java\jdk1.7.0_03\bin\java.exe
0x0000000077910000 - 0x0000000077abb000 	C:\Windows\SYSTEM32\ntdll.dll
0x0000000077210000 - 0x000000007732f000 	C:\Windows\system32\kernel32.dll
0x000007fefdf70000 - 0x000007fefdfdb000 	C:\Windows\system32\KERNELBASE.dll
0x000007fefe4f0000 - 0x000007fefe5cb000 	C:\Windows\system32\ADVAPI32.dll
0x000007fefe260000 - 0x000007fefe2ff000 	C:\Windows\system32\msvcrt.dll
0x000007fefedc0000 - 0x000007fefeddf000 	C:\Windows\SYSTEM32\sechost.dll
0x000007fefeae0000 - 0x000007fefec0e000 	C:\Windows\system32\RPCRT4.dll
0x00000000775f0000 - 0x00000000776ea000 	C:\Windows\system32\USER32.dll
0x000007fefe480000 - 0x000007fefe4e7000 	C:\Windows\system32\GDI32.dll
0x000007fefe220000 - 0x000007fefe22e000 	C:\Windows\system32\LPK.dll
0x000007fefe150000 - 0x000007fefe21a000 	C:\Windows\system32\USP10.dll
0x000007fefc6d0000 - 0x000007fefc8c4000 	C:\Windows\WinSxS\amd64_microsoft.windows.common-controls_6595b64144ccf1df_6.0.7600.16385_none_fa645303170382f6\COMCTL32.dll
0x000007fefe300000 - 0x000007fefe371000 	C:\Windows\system32\SHLWAPI.dll
0x000007fefe230000 - 0x000007fefe25e000 	C:\Windows\system32\IMM32.DLL
0x000007fefec10000 - 0x000007fefed19000 	C:\Windows\system32\MSCTF.dll
0x000000006d650000 - 0x000000006d721000 	C:\Program Files\Java\jdk1.7.0_03\jre\bin\msvcr100.dll
0x000000006c410000 - 0x000000006caea000 	C:\Program Files\Java\jdk1.7.0_03\jre\bin\server\jvm.dll
0x000007fef68d0000 - 0x000007fef68d9000 	C:\Windows\system32\WSOCK32.dll
0x000007fefe880000 - 0x000007fefe8cd000 	C:\Windows\system32\WS2_32.dll
0x000007feffb70000 - 0x000007feffb78000 	C:\Windows\system32\NSI.dll
0x000007fefbe40000 - 0x000007fefbe7b000 	C:\Windows\system32\WINMM.dll
0x0000000077ae0000 - 0x0000000077ae7000 	C:\Windows\system32\PSAPI.DLL
0x0000000072f40000 - 0x0000000072f4f000 	C:\Program Files\Java\jdk1.7.0_03\jre\bin\verify.dll
0x00000000704b0000 - 0x00000000704d8000 	C:\Program Files\Java\jdk1.7.0_03\jre\bin\java.dll
0x0000000072e00000 - 0x0000000072e15000 	C:\Program Files\Java\jdk1.7.0_03\jre\bin\zip.dll
0x000000006d610000 - 0x000000006d629000 	C:\Program Files\Java\jdk1.7.0_03\jre\bin\net.dll
0x000007fefd5b0000 - 0x000007fefd604000 	C:\Windows\system32\mswsock.dll
0x000007fefd5a0000 - 0x000007fefd5a7000 	C:\Windows\System32\wship6.dll
0x000000006d630000 - 0x000000006d641000 	C:\Program Files\Java\jdk1.7.0_03\jre\bin\nio.dll

VM Arguments:
jvm_args: -Dclassworlds.conf=C:\Users\bandaru\Documents\apache-maven-3.3.9\bin\m2.conf -Dmaven.home=C:\Users\bandaru\Documents\apache-maven-3.3.9 -Dmaven.multiModuleProjectDirectory=C:\Users\bandaru\AnypointStudio\workspace\ciscoproject\cisco-spark-basecamp-integration 
java_command: org.codehaus.plexus.classworlds.launcher.Launcher -B clean package -DskipMunitTests
Launcher Type: SUN_STANDARD

Environment Variables:
JAVA_HOME=C:\Program Files\Java\jdk1.7.0_03
CLASSPATH=.;C:\PROGRA~1\IBM\SQLLIB\java\db2java.zip;C:\PROGRA~1\IBM\SQLLIB\java\db2jcc.jar;C:\PROGRA~1\IBM\SQLLIB\java\sqlj.zip;C:\PROGRA~1\IBM\SQLLIB\java\db2jcc_license_cu.jar;C:\PROGRA~1\IBM\SQLLIB\bin;C:\PROGRA~1\IBM\SQLLIB\java\common.jar;C:\Program Files (x86)\IBM\WebSphere MQ\java\lib\com.ibm.mqjms.jar;C:\Program Files (x86)\IBM\WebSphere MQ\java\lib\com.ibm.mq.jar
PATH=C:\Program Files (x86)\IBM\WebSphere MQ\java\lib;C:\Program Files (x86)\IBM\WebSphere MQ\java\lib64;C:\Windows\system32;C:\Windows;C:\Windows\system32\wbem;C:\Windows\system32\windowspowershell\v1.0\;c:\program files\ibm\gsk8\lib64;c:\program files (x86)\ibm\gsk8\lib;C:\PROGRA~1\IBM\SQLLIB\BIN;C:\PROGRA~1\IBM\SQLLIB\FUNCTION;C:\PROGRA~1\IBM\SQLLIB\SAMPLES\REPL;C:\Program Files\TortoiseSVN\bin;C:\Program Files (x86)\Skype\Phone\;C:\Program Files (x86)\IBM\WebSphere MQ\bin64;C:\Program Files (x86)\IBM\WebSphere MQ\bin;C:\Program Files (x86)\IBM\WebSphere MQ\tools\c\samples\bin;C:\Program Files\apache-maven-3.3.9\bin;C:\Program Files\Java\jdk1.7.0_03\bin;C:\Program Files\Git\cmd;C:\Users\bandaru\Documents\apache-maven-3.3.9\bin;C:\Python27
USERNAME=bandaru
OS=Windows_NT
PROCESSOR_IDENTIFIER=Intel64 Family 6 Model 94 Stepping 3, GenuineIntel



---------------  S Y S T E M  ---------------

OS: Windows 7 , 64 bit Build 7600 

CPU:total 4 (4 cores per cpu, 1 threads per core) family 6 model 94 stepping 3, cmov, cx8, fxsr, mmx, sse, sse2, sse3, ssse3, sse4.1, sse4.2, popcnt

Memory: 4k page, physical 8388152k(795088k free), swap 9749564k(5376k free)

vm_info: Java HotSpot(TM) 64-Bit Server VM (22.1-b02) for windows-amd64 JRE (1.7.0_03-b05), built on Feb  3 2012 20:43:56 by "java_re" with unknown MS VC++:1600

time: Mon Feb 20 20:27:11 2017
elapsed time: 19 seconds

